Tue 26 Dec 23 - 15:25:13 GMT | WARNING --- 
   Forbidden: /favicon.ico 

Tue 26 Dec 23 - 15:27:37 GMT | WARNING --- 
   Forbidden: /favicon.ico 

Tue 26 Dec 23 - 15:27:53 GMT | WARNING --- 
   Forbidden: /favicon.ico 

Tue 26 Dec 23 - 15:27:59 GMT | WARNING --- 
   Forbidden: /favicon.ico 

Tue 26 Dec 23 - 15:28:15 GMT | WARNING --- 
   Forbidden: /favicon.ico 

Tue 26 Dec 23 - 15:28:35 GMT | WARNING --- 
   Forbidden: /bill/Create/ 

Tue 26 Dec 23 - 15:31:29 GMT | WARNING --- 
   Forbidden: /favicon.ico 

Tue 26 Dec 23 - 15:31:33 GMT | WARNING --- 
   Forbidden: /favicon.ico 

Tue 26 Dec 23 - 15:31:54 GMT | WARNING --- 
   Forbidden: /favicon.ico 

Tue 26 Dec 23 - 15:31:55 GMT | WARNING --- 
   Forbidden: /favicon.ico 

Tue 26 Dec 23 - 15:31:56 GMT | WARNING --- 
   Forbidden: /favicon.ico 

Tue 26 Dec 23 - 15:31:57 GMT | WARNING --- 
   Forbidden: /favicon.ico 

Tue 26 Dec 23 - 15:31:59 GMT | WARNING --- 
   Forbidden: /favicon.ico 

Tue 26 Dec 23 - 15:32:08 GMT | WARNING --- 
   Forbidden: /favicon.ico 

Tue 26 Dec 23 - 15:32:17 GMT | WARNING --- 
   Forbidden: /favicon.ico 

Tue 26 Dec 23 - 15:32:27 GMT | WARNING --- 
   Forbidden: /favicon.ico 

Tue 26 Dec 23 - 15:32:39 GMT | WARNING --- 
   Forbidden: /favicon.ico 

Tue 26 Dec 23 - 15:33:32 GMT | WARNING --- 
   Forbidden: /favicon.ico 

Tue 26 Dec 23 - 15:33:34 GMT | WARNING --- 
   Forbidden: /favicon.ico 

Tue 26 Dec 23 - 15:33:35 GMT | WARNING --- 
   Forbidden: /favicon.ico 

Tue 26 Dec 23 - 15:33:36 GMT | WARNING --- 
   Forbidden: /favicon.ico 

Tue 26 Dec 23 - 15:33:39 GMT | WARNING --- 
   Forbidden: /favicon.ico 

Tue 26 Dec 23 - 15:34:09 GMT | WARNING --- 
   Forbidden: /favicon.ico 

Tue 26 Dec 23 - 15:34:12 GMT | WARNING --- 
   Forbidden: /favicon.ico 

Tue 26 Dec 23 - 15:34:14 GMT | WARNING --- 
   Forbidden: /favicon.ico 

Tue 26 Dec 23 - 15:34:15 GMT | WARNING --- 
   Forbidden: /favicon.ico 

Tue 26 Dec 23 - 15:34:17 GMT | WARNING --- 
   Forbidden: /favicon.ico 

Tue 26 Dec 23 - 15:34:21 GMT | WARNING --- 
   Forbidden: /favicon.ico 

Tue 26 Dec 23 - 15:34:21 GMT | WARNING --- 
   Forbidden: /favicon.ico 

Tue 26 Dec 23 - 15:34:22 GMT | WARNING --- 
   Forbidden: /favicon.ico 

Tue 26 Dec 23 - 15:34:24 GMT | WARNING --- 
   Forbidden: /favicon.ico 

Tue 26 Dec 23 - 15:37:18 GMT | WARNING --- 
   Forbidden: /bill/Create/ 

Tue 26 Dec 23 - 15:37:41 GMT | WARNING --- 
   Forbidden: /o 

Tue 26 Dec 23 - 15:42:43 GMT | WARNING --- 
   Forbidden: /o 

Tue 26 Dec 23 - 15:42:49 GMT | WARNING --- 
   Forbidden: /o 

Tue 26 Dec 23 - 15:43:01 GMT | WARNING --- 
   Forbidden: /o 

Tue 26 Dec 23 - 15:43:08 GMT | WARNING --- 
   Forbidden: /bill/Create/ 

Tue 26 Dec 23 - 15:43:43 GMT | WARNING --- 
   Forbidden: /bill/Create/ 

Tue 26 Dec 23 - 15:43:57 GMT | WARNING --- 
   Forbidden: /bill/Create/ 

Tue 26 Dec 23 - 15:44:45 GMT | WARNING --- 
   Forbidden: / 

Tue 26 Dec 23 - 15:44:45 GMT | WARNING --- 
   Forbidden: /favicon.ico 

Tue 26 Dec 23 - 15:44:50 GMT | WARNING --- 
   Forbidden: /favicon.ico 

Tue 26 Dec 23 - 15:45:00 GMT | WARNING --- 
   Forbidden: /favicon.ico 

Tue 26 Dec 23 - 15:45:04 GMT | WARNING --- 
   Forbidden: /favicon.ico 

Tue 26 Dec 23 - 15:45:20 GMT | WARNING --- 
   Forbidden: /favicon.ico 

Tue 26 Dec 23 - 15:45:22 GMT | WARNING --- 
   Forbidden: /favicon.ico 

Tue 26 Dec 23 - 15:45:25 GMT | WARNING --- 
   Forbidden: /favicon.ico 

Tue 26 Dec 23 - 15:45:32 GMT | WARNING --- 
   Forbidden: /favicon.ico 

Tue 26 Dec 23 - 15:45:34 GMT | WARNING --- 
   Forbidden: /favicon.ico 

Tue 26 Dec 23 - 15:45:36 GMT | WARNING --- 
   Forbidden: /favicon.ico 

Tue 26 Dec 23 - 15:45:37 GMT | WARNING --- 
   Forbidden: /favicon.ico 

Tue 26 Dec 23 - 15:45:38 GMT | WARNING --- 
   Forbidden: /favicon.ico 

Tue 26 Dec 23 - 15:45:40 GMT | WARNING --- 
   Forbidden: /favicon.ico 

Tue 26 Dec 23 - 15:45:43 GMT | WARNING --- 
   Forbidden: /favicon.ico 

Tue 26 Dec 23 - 15:45:45 GMT | WARNING --- 
   Forbidden: /favicon.ico 

Tue 26 Dec 23 - 15:45:49 GMT | WARNING --- 
   Forbidden: /favicon.ico 

Tue 26 Dec 23 - 15:45:53 GMT | WARNING --- 
   Forbidden: /favicon.ico 

Tue 26 Dec 23 - 15:45:56 GMT | WARNING --- 
   Forbidden: /favicon.ico 

Tue 26 Dec 23 - 15:46:03 GMT | WARNING --- 
   Forbidden: /favicon.ico 

Tue 26 Dec 23 - 15:46:17 GMT | WARNING --- 
   Forbidden: /favicon.ico 

Tue 26 Dec 23 - 15:46:44 GMT | WARNING --- 
   Forbidden: /favicon.ico 

Tue 26 Dec 23 - 15:46:46 GMT | WARNING --- 
   Forbidden: /favicon.ico 

Tue 26 Dec 23 - 15:47:05 GMT | WARNING --- 
   Forbidden: /bill/Create/ 

Tue 26 Dec 23 - 15:48:26 GMT | WARNING --- 
   Forbidden: /bank/Create/ 

Tue 26 Dec 23 - 16:14:10 GMT | WARNING --- 
   Forbidden: /favicon.ico 

Tue 26 Dec 23 - 16:14:18 GMT | WARNING --- 
   Forbidden: /favicon.ico 

Tue 26 Dec 23 - 16:14:24 GMT | WARNING --- 
   Forbidden: /favicon.ico 

Tue 26 Dec 23 - 16:14:25 GMT | WARNING --- 
   Forbidden: /favicon.ico 

Tue 26 Dec 23 - 16:14:31 GMT | WARNING --- 
   Forbidden: /favicon.ico 

Tue 26 Dec 23 - 16:14:34 GMT | WARNING --- 
   Forbidden: /favicon.ico 

Tue 26 Dec 23 - 16:14:57 GMT | WARNING --- 
   Forbidden: /favicon.ico 

Tue 26 Dec 23 - 16:17:26 GMT | WARNING --- 
   Forbidden: /favicon.ico 

Tue 26 Dec 23 - 16:17:33 GMT | WARNING --- 
   Forbidden: /favicon.ico 

Tue 26 Dec 23 - 16:17:46 GMT | WARNING --- 
   Forbidden: /favicon.ico 

Tue 26 Dec 23 - 16:17:48 GMT | WARNING --- 
   Forbidden: /favicon.ico 

Tue 26 Dec 23 - 16:17:51 GMT | WARNING --- 
   Forbidden: /favicon.ico 

Tue 26 Dec 23 - 16:23:20 GMT | WARNING --- 
   Forbidden: /favicon.ico 

Tue 26 Dec 23 - 16:23:22 GMT | WARNING --- 
   Forbidden: /favicon.ico 

Tue 26 Dec 23 - 16:23:27 GMT | WARNING --- 
   Forbidden: /favicon.ico 

Tue 26 Dec 23 - 16:23:29 GMT | WARNING --- 
   Forbidden: /favicon.ico 

Tue 26 Dec 23 - 16:23:35 GMT | WARNING --- 
   Forbidden: /favicon.ico 

Tue 26 Dec 23 - 16:23:36 GMT | WARNING --- 
   Forbidden: /favicon.ico 

Tue 26 Dec 23 - 16:23:38 GMT | WARNING --- 
   Forbidden: /favicon.ico 

Tue 26 Dec 23 - 16:23:43 GMT | WARNING --- 
   Forbidden: /favicon.ico 

Tue 26 Dec 23 - 16:23:45 GMT | WARNING --- 
   Forbidden: /favicon.ico 

Tue 26 Dec 23 - 16:23:46 GMT | WARNING --- 
   Forbidden: /favicon.ico 

Tue 26 Dec 23 - 16:27:08 GMT | WARNING --- 
   Forbidden: /favicon.ico 

Tue 26 Dec 23 - 16:28:33 GMT | WARNING --- 
   Forbidden: /favicon.ico 

Tue 26 Dec 23 - 16:28:35 GMT | WARNING --- 
   Forbidden: /favicon.ico 

Tue 26 Dec 23 - 16:28:44 GMT | WARNING --- 
   Forbidden: /favicon.ico 

Tue 26 Dec 23 - 16:28:49 GMT | WARNING --- 
   Forbidden: /favicon.ico 

Tue 26 Dec 23 - 16:28:53 GMT | WARNING --- 
   Forbidden: /favicon.ico 

Tue 26 Dec 23 - 16:28:55 GMT | WARNING --- 
   Forbidden: /favicon.ico 

Tue 26 Dec 23 - 16:38:45 GMT | WARNING --- 
   Forbidden: /favicon.ico 

Tue 26 Dec 23 - 16:38:49 GMT | WARNING --- 
   Forbidden: /favicon.ico 

Tue 26 Dec 23 - 16:38:52 GMT | WARNING --- 
   Forbidden: /favicon.ico 

Tue 26 Dec 23 - 16:38:54 GMT | WARNING --- 
   Forbidden: /favicon.ico 

Tue 26 Dec 23 - 16:41:52 GMT | WARNING --- 
   Forbidden: /favicon.ico 

Tue 26 Dec 23 - 16:41:53 GMT | WARNING --- 
   Forbidden: /favicon.ico 

Tue 26 Dec 23 - 16:47:06 GMT | WARNING --- 
   Forbidden: /favicon.ico 

Tue 26 Dec 23 - 16:47:08 GMT | WARNING --- 
   Forbidden: /favicon.ico 

Tue 26 Dec 23 - 16:47:09 GMT | WARNING --- 
   Forbidden: /favicon.ico 

Tue 26 Dec 23 - 16:47:13 GMT | WARNING --- 
   Forbidden: /favicon.ico 

Tue 26 Dec 23 - 16:47:15 GMT | WARNING --- 
   Forbidden: /favicon.ico 

Tue 26 Dec 23 - 16:47:18 GMT | WARNING --- 
   Forbidden: /favicon.ico 

Tue 26 Dec 23 - 16:47:22 GMT | WARNING --- 
   Forbidden: /favicon.ico 

Tue 26 Dec 23 - 16:47:33 GMT | WARNING --- 
   Forbidden: /favicon.ico 

Tue 26 Dec 23 - 16:47:59 GMT | WARNING --- 
   Forbidden: /favicon.ico 

Tue 26 Dec 23 - 16:48:02 GMT | WARNING --- 
   Forbidden: /favicon.ico 

Tue 26 Dec 23 - 16:48:13 GMT | WARNING --- 
   Forbidden: /favicon.ico 

Tue 26 Dec 23 - 16:48:18 GMT | WARNING --- 
   Forbidden: /favicon.ico 

Tue 26 Dec 23 - 16:48:19 GMT | WARNING --- 
   Forbidden: /favicon.ico 

Tue 26 Dec 23 - 16:49:54 GMT | WARNING --- 
   Forbidden: /favicon.ico 

Tue 26 Dec 23 - 16:49:56 GMT | WARNING --- 
   Forbidden: /favicon.ico 

Tue 26 Dec 23 - 17:13:23 GMT | WARNING --- 
   Forbidden: /favicon.ico 

Tue 26 Dec 23 - 17:13:25 GMT | WARNING --- 
   Forbidden: /favicon.ico 

Tue 26 Dec 23 - 17:13:27 GMT | WARNING --- 
   Forbidden: /favicon.ico 

Tue 26 Dec 23 - 17:13:31 GMT | WARNING --- 
   Forbidden: /favicon.ico 

Tue 26 Dec 23 - 17:13:34 GMT | WARNING --- 
   Forbidden: /favicon.ico 

Tue 26 Dec 23 - 17:13:40 GMT | WARNING --- 
   Forbidden: /favicon.ico 

Tue 26 Dec 23 - 17:13:43 GMT | WARNING --- 
   Forbidden: /favicon.ico 

Tue 26 Dec 23 - 17:13:45 GMT | WARNING --- 
   Forbidden: /favicon.ico 

Tue 26 Dec 23 - 17:13:47 GMT | WARNING --- 
   Forbidden: /favicon.ico 

Tue 26 Dec 23 - 17:13:54 GMT | WARNING --- 
   Forbidden: /favicon.ico 

Tue 26 Dec 23 - 17:14:01 GMT | WARNING --- 
   Forbidden: /favicon.ico 

Tue 26 Dec 23 - 17:14:02 GMT | WARNING --- 
   Forbidden: /favicon.ico 

Tue 26 Dec 23 - 17:21:30 GMT | WARNING --- 
   Forbidden: /favicon.ico 

Tue 26 Dec 23 - 17:22:01 GMT | WARNING --- 
   Forbidden: /o/applications 

Tue 26 Dec 23 - 17:22:01 GMT | WARNING --- 
   Forbidden: /favicon.ico 

Tue 26 Dec 23 - 17:22:14 GMT | WARNING --- 
   Forbidden: /o/applications 

Tue 26 Dec 23 - 17:22:14 GMT | WARNING --- 
   Forbidden: /favicon.ico 

Tue 26 Dec 23 - 17:22:46 GMT | WARNING --- 
   Forbidden: /favicon.ico 

Tue 26 Dec 23 - 17:22:48 GMT | WARNING --- 
   Forbidden: /favicon.ico 

Tue 26 Dec 23 - 17:22:49 GMT | WARNING --- 
   Forbidden: /favicon.ico 

Tue 26 Dec 23 - 17:22:50 GMT | WARNING --- 
   Forbidden: /favicon.ico 

Tue 26 Dec 23 - 17:22:51 GMT | WARNING --- 
   Forbidden: /favicon.ico 

Tue 26 Dec 23 - 17:22:52 GMT | WARNING --- 
   Forbidden: /favicon.ico 

Tue 26 Dec 23 - 17:22:53 GMT | WARNING --- 
   Forbidden: /favicon.ico 

Tue 26 Dec 23 - 17:22:54 GMT | WARNING --- 
   Forbidden: /favicon.ico 

Tue 26 Dec 23 - 17:22:56 GMT | WARNING --- 
   Forbidden: /favicon.ico 

Tue 26 Dec 23 - 17:22:57 GMT | WARNING --- 
   Forbidden: /favicon.ico 

Tue 26 Dec 23 - 17:22:58 GMT | WARNING --- 
   Forbidden: /favicon.ico 

Tue 26 Dec 23 - 17:22:59 GMT | WARNING --- 
   Forbidden: /favicon.ico 

Tue 26 Dec 23 - 17:23:03 GMT | WARNING --- 
   Forbidden: /favicon.ico 

Tue 26 Dec 23 - 17:23:06 GMT | WARNING --- 
   Forbidden: /favicon.ico 

Tue 26 Dec 23 - 17:27:40 GMT | WARNING --- 
   Forbidden: /favicon.ico 

Tue 26 Dec 23 - 17:27:48 GMT | WARNING --- 
   Forbidden: /favicon.ico 

Tue 26 Dec 23 - 17:27:53 GMT | WARNING --- 
   Forbidden: /favicon.ico 

Tue 26 Dec 23 - 17:28:00 GMT | WARNING --- 
   Forbidden: /favicon.ico 

Tue 26 Dec 23 - 17:28:00 GMT | WARNING --- 
   Forbidden: /favicon.ico 

Tue 26 Dec 23 - 17:28:03 GMT | WARNING --- 
   Forbidden: /favicon.ico 

Tue 26 Dec 23 - 17:28:05 GMT | WARNING --- 
   Forbidden: /favicon.ico 

Tue 26 Dec 23 - 17:28:14 GMT | WARNING --- 
   Forbidden: /favicon.ico 

Tue 26 Dec 23 - 17:28:19 GMT | WARNING --- 
   Forbidden: /favicon.ico 

Tue 26 Dec 23 - 17:28:21 GMT | WARNING --- 
   Forbidden: /favicon.ico 

Tue 26 Dec 23 - 17:28:25 GMT | WARNING --- 
   Forbidden: /favicon.ico 

Tue 26 Dec 23 - 17:28:35 GMT | WARNING --- 
   Forbidden: /favicon.ico 

Tue 26 Dec 23 - 17:28:46 GMT | WARNING --- 
   Forbidden: /favicon.ico 

Tue 26 Dec 23 - 17:29:03 GMT | WARNING --- 
   Forbidden: /favicon.ico 

Tue 26 Dec 23 - 17:29:12 GMT | WARNING --- 
   Forbidden: /favicon.ico 

Tue 26 Dec 23 - 17:29:15 GMT | WARNING --- 
   Forbidden: /favicon.ico 

Tue 26 Dec 23 - 17:29:17 GMT | WARNING --- 
   Forbidden: /favicon.ico 

Tue 26 Dec 23 - 17:29:19 GMT | WARNING --- 
   Forbidden: /favicon.ico 

Tue 26 Dec 23 - 17:29:26 GMT | WARNING --- 
   Forbidden: /favicon.ico 

Tue 26 Dec 23 - 17:29:37 GMT | WARNING --- 
   Forbidden: /favicon.ico 

Tue 26 Dec 23 - 17:29:43 GMT | WARNING --- 
   Forbidden: /favicon.ico 

Tue 26 Dec 23 - 17:29:44 GMT | WARNING --- 
   Forbidden: /favicon.ico 

Tue 26 Dec 23 - 17:29:51 GMT | WARNING --- 
   Forbidden: /favicon.ico 

Tue 26 Dec 23 - 17:29:52 GMT | WARNING --- 
   Forbidden: /favicon.ico 

Tue 26 Dec 23 - 17:29:54 GMT | WARNING --- 
   Forbidden: /favicon.ico 

Tue 26 Dec 23 - 17:29:55 GMT | WARNING --- 
   Forbidden: /favicon.ico 

Tue 26 Dec 23 - 17:30:31 GMT | WARNING --- 
   Forbidden: /favicon.ico 

Tue 26 Dec 23 - 17:30:34 GMT | WARNING --- 
   Forbidden: /favicon.ico 

Tue 26 Dec 23 - 17:30:35 GMT | WARNING --- 
   Forbidden: /favicon.ico 

Tue 26 Dec 23 - 17:50:12 GMT | WARNING --- 
   Forbidden: /favicon.ico 

Tue 26 Dec 23 - 17:51:19 GMT | WARNING --- 
   Forbidden: /favicon.ico 

Tue 26 Dec 23 - 17:57:35 GMT | WARNING --- 
   Bad Request: /o/authorize/ 

Tue 26 Dec 23 - 17:57:35 GMT | WARNING --- 
   Forbidden: /favicon.ico 

Wed 27 Dec 23 - 09:04:18 GMT | WARNING --- 
   Forbidden: /bank/Create/ 

Wed 27 Dec 23 - 09:10:31 GMT | WARNING --- 
   Forbidden: /bank/Create/ 

Wed 27 Dec 23 - 09:11:58 GMT | WARNING --- 
   Forbidden: /bank/Create/ 

Wed 27 Dec 23 - 09:15:10 GMT | WARNING --- 
   Forbidden: /bank/Create/ 

Wed 27 Dec 23 - 09:19:05 GMT | WARNING --- 
   Forbidden: /bank/Create/ 

Wed 27 Dec 23 - 09:19:40 GMT | WARNING --- 
   Forbidden: /bank/Create/ 

Wed 27 Dec 23 - 09:20:27 GMT | WARNING --- 
   Forbidden: /bank/Create 

Wed 27 Dec 23 - 09:20:27 GMT | WARNING --- 
   Forbidden: /favicon.ico 

Wed 27 Dec 23 - 09:20:30 GMT | WARNING --- 
   Forbidden: /bank/Create 

Wed 27 Dec 23 - 09:20:30 GMT | WARNING --- 
   Forbidden: /favicon.ico 

Wed 27 Dec 23 - 09:20:33 GMT | WARNING --- 
   Forbidden: /bank/Create 

Wed 27 Dec 23 - 09:20:33 GMT | WARNING --- 
   Forbidden: /favicon.ico 

Wed 27 Dec 23 - 09:24:05 GMT | WARNING --- 
   Forbidden: /bank/Create 

Wed 27 Dec 23 - 09:24:05 GMT | WARNING --- 
   Forbidden: /favicon.ico 

Wed 27 Dec 23 - 09:24:08 GMT | WARNING --- 
   Forbidden: /bank/Create 

Wed 27 Dec 23 - 09:24:08 GMT | WARNING --- 
   Forbidden: /favicon.ico 

Wed 27 Dec 23 - 09:24:13 GMT | WARNING --- 
   Forbidden: /bank/Create/ 

Wed 27 Dec 23 - 09:24:17 GMT | WARNING --- 
   Forbidden: /bank/Create/ 

Wed 27 Dec 23 - 09:26:16 GMT | WARNING --- 
   Forbidden: /bank/Create/ 

Wed 27 Dec 23 - 09:26:45 GMT | WARNING --- 
   Forbidden: / 

Wed 27 Dec 23 - 09:26:45 GMT | WARNING --- 
   Forbidden: /favicon.ico 

Wed 27 Dec 23 - 09:26:49 GMT | WARNING --- 
   Forbidden: / 

Wed 27 Dec 23 - 09:26:49 GMT | WARNING --- 
   Forbidden: /favicon.ico 

Wed 27 Dec 23 - 09:26:55 GMT | WARNING --- 
   Forbidden: /favicon.ico 

Wed 27 Dec 23 - 09:27:21 GMT | WARNING --- 
   Forbidden: /bankHistory/getResult 

Wed 27 Dec 23 - 09:27:24 GMT | WARNING --- 
   Forbidden: /bankHistory/getResult 

Wed 27 Dec 23 - 09:27:27 GMT | WARNING --- 
   Forbidden: /bankHistory/getResult 

Wed 27 Dec 23 - 09:27:36 GMT | WARNING --- 
   Forbidden: /favicon.ico 

Wed 27 Dec 23 - 09:27:36 GMT | WARNING --- 
   Forbidden: /favicon.ico 

Wed 27 Dec 23 - 09:27:38 GMT | WARNING --- 
   Forbidden: / 

Wed 27 Dec 23 - 09:27:38 GMT | WARNING --- 
   Forbidden: /favicon.ico 

Wed 27 Dec 23 - 09:34:05 GMT | WARNING --- 
   Forbidden: /bank/Create/ 

Wed 27 Dec 23 - 09:36:00 GMT | WARNING --- 
   Forbidden: / 

Wed 27 Dec 23 - 09:36:00 GMT | WARNING --- 
   Forbidden: /favicon.ico 

Wed 27 Dec 23 - 09:36:04 GMT | WARNING --- 
   Forbidden: / 

Wed 27 Dec 23 - 09:36:04 GMT | WARNING --- 
   Forbidden: /favicon.ico 

Wed 27 Dec 23 - 09:46:55 GMT | WARNING --- 
   Forbidden: /bank/Create/ 

Wed 27 Dec 23 - 09:49:43 GMT | WARNING --- 
   Forbidden: / 

Wed 27 Dec 23 - 09:49:44 GMT | WARNING --- 
   Forbidden: /favicon.ico 

Wed 27 Dec 23 - 09:54:07 GMT | WARNING --- 
   Forbidden: / 

Wed 27 Dec 23 - 09:54:07 GMT | WARNING --- 
   Forbidden: /favicon.ico 

Wed 27 Dec 23 - 09:54:09 GMT | WARNING --- 
   Forbidden: / 

Wed 27 Dec 23 - 09:54:09 GMT | WARNING --- 
   Forbidden: /favicon.ico 

Wed 27 Dec 23 - 10:00:23 GMT | WARNING --- 
   Forbidden: / 

Wed 27 Dec 23 - 10:00:23 GMT | WARNING --- 
   Forbidden: /favicon.ico 

Wed 27 Dec 23 - 10:00:32 GMT | WARNING --- 
   Forbidden: /bank/Create/ 

Wed 27 Dec 23 - 10:00:34 GMT | WARNING --- 
   Forbidden: /bank/Create/ 

Wed 27 Dec 23 - 10:00:38 GMT | WARNING --- 
   Forbidden: /bank/Create/ 

Wed 27 Dec 23 - 10:00:40 GMT | WARNING --- 
   Forbidden: /bank/Create/ 

Wed 27 Dec 23 - 10:00:41 GMT | WARNING --- 
   Forbidden: /bank/Create/ 

Wed 27 Dec 23 - 10:00:43 GMT | WARNING --- 
   Forbidden: /bank/Create/ 

Wed 27 Dec 23 - 10:01:51 GMT | WARNING --- 
   Forbidden: /bank/Create/ 

Wed 27 Dec 23 - 10:10:00 GMT | WARNING --- 
   Forbidden: / 

Wed 27 Dec 23 - 10:10:00 GMT | WARNING --- 
   Forbidden: /favicon.ico 

Wed 27 Dec 23 - 10:21:14 GMT | WARNING --- 
   Forbidden: /bank/Create/ 

Wed 27 Dec 23 - 10:21:16 GMT | WARNING --- 
   Forbidden: /bank/Create/ 

Wed 27 Dec 23 - 10:21:17 GMT | WARNING --- 
   Forbidden: /bank/Create/ 

Wed 27 Dec 23 - 10:21:18 GMT | WARNING --- 
   Forbidden: /bank/Create/ 

Wed 27 Dec 23 - 10:21:18 GMT | WARNING --- 
   Forbidden: /bank/Create/ 

Wed 27 Dec 23 - 10:21:19 GMT | WARNING --- 
   Forbidden: /bank/Create/ 

Wed 27 Dec 23 - 10:21:20 GMT | WARNING --- 
   Forbidden: /bank/Create/ 

Wed 27 Dec 23 - 10:28:13 GMT | WARNING --- 
   Forbidden: /bank/Create/ 

Wed 27 Dec 23 - 10:28:23 GMT | WARNING --- 
   Forbidden: / 

Wed 27 Dec 23 - 10:28:23 GMT | WARNING --- 
   Forbidden: /favicon.ico 

Wed 27 Dec 23 - 10:28:43 GMT | WARNING --- 
   Forbidden: /favicon.ico 

Wed 27 Dec 23 - 10:28:51 GMT | WARNING --- 
   Forbidden: / 

Wed 27 Dec 23 - 10:28:51 GMT | WARNING --- 
   Forbidden: /favicon.ico 

Wed 27 Dec 23 - 10:46:40 GMT | WARNING --- 
   Method Not Allowed: /hello 

Wed 27 Dec 23 - 10:47:33 GMT | ERROR --- 
   Internal Server Error: /hello 
Traceback (most recent call last):
  File "C:\Users\G\scrafi_project\woob_project_venvd\lib\site-packages\django\utils\datastructures.py", line 84, in __getitem__
    list_ = super().__getitem__(key)
KeyError: 'job_id'

During handling of the above exception, another exception occurred:

Traceback (most recent call last):
  File "C:\Users\G\scrafi_project\woob_project_venvd\lib\site-packages\django\core\handlers\exception.py", line 55, in inner
    response = get_response(request)
  File "C:\Users\G\scrafi_project\woob_project_venvd\lib\site-packages\django\core\handlers\base.py", line 197, in _get_response
    response = wrapped_callback(request, *callback_args, **callback_kwargs)
  File "C:\Users\G\scrafi_project\woob_project_venvd\lib\site-packages\django\views\decorators\csrf.py", line 54, in wrapped_view
    return view_func(*args, **kwargs)
  File "C:\Users\G\scrafi_project\woob_project_venvd\lib\site-packages\django\views\generic\base.py", line 84, in view
    return self.dispatch(request, *args, **kwargs)
  File "C:\Users\G\scrafi_project\woob_project_venvd\lib\site-packages\rest_framework\views.py", line 509, in dispatch
    response = self.handle_exception(exc)
  File "C:\Users\G\scrafi_project\woob_project_venvd\lib\site-packages\rest_framework\views.py", line 469, in handle_exception
    self.raise_uncaught_exception(exc)
  File "C:\Users\G\scrafi_project\woob_project_venvd\lib\site-packages\rest_framework\views.py", line 480, in raise_uncaught_exception
    raise exc
  File "C:\Users\G\scrafi_project\woob_project_venvd\lib\site-packages\rest_framework\views.py", line 506, in dispatch
    response = handler(request, *args, **kwargs)
  File "C:\Users\G\scrafi_project\API\scrafi_api\views.py", line 215, in get
    record_request(request)
  File "C:\Users\G\scrafi_project\API\scrafi_api\views.py", line 35, in record_request
    dilog['Job ID'] = request.query_params['job_id']
  File "C:\Users\G\scrafi_project\woob_project_venvd\lib\site-packages\django\utils\datastructures.py", line 86, in __getitem__
    raise MultiValueDictKeyError(key)
django.utils.datastructures.MultiValueDictKeyError: 'job_id'
Wed 27 Dec 23 - 11:19:33 GMT | WARNING --- 
   Forbidden: /bank/Create/ 

Wed 27 Dec 23 - 11:19:57 GMT | WARNING --- 
   Forbidden: /bank/Create/ 

Wed 27 Dec 23 - 11:20:14 GMT | WARNING --- 
   Forbidden: /bank/Create/ 

Wed 27 Dec 23 - 11:22:10 GMT | WARNING --- 
   Forbidden: /bank/Create/ 

Wed 27 Dec 23 - 11:22:55 GMT | WARNING --- 
   Forbidden: /bank/Create/ 

Wed 27 Dec 23 - 11:23:48 GMT | WARNING --- 
   Forbidden: /bank/Create/ 

Wed 27 Dec 23 - 11:23:53 GMT | WARNING --- 
   Forbidden: /bank/Create/ 

Wed 27 Dec 23 - 11:24:45 GMT | WARNING --- 
   Forbidden: /bank/Create/ 

Wed 27 Dec 23 - 11:25:00 GMT | WARNING --- 
   Forbidden: /bank/Create/ 

Wed 27 Dec 23 - 11:25:07 GMT | WARNING --- 
   Forbidden: /bank/Create/ 

Wed 27 Dec 23 - 11:26:08 GMT | WARNING --- 
   Forbidden: /bank/Create/ 

Wed 27 Dec 23 - 11:27:03 GMT | WARNING --- 
   Forbidden: /bank/Create/ 

Wed 27 Dec 23 - 11:27:31 GMT | WARNING --- 
   Forbidden: /bank/Create/ 

Wed 27 Dec 23 - 11:28:16 GMT | WARNING --- 
   Forbidden: /bank/Create/ 

Wed 27 Dec 23 - 11:28:34 GMT | WARNING --- 
   Forbidden: /bank/Create/ 

Wed 27 Dec 23 - 11:30:42 GMT | WARNING --- 
   Forbidden: /bank/Create/ 

Wed 27 Dec 23 - 11:30:52 GMT | WARNING --- 
   Forbidden: /bank/Create/ 

Wed 27 Dec 23 - 11:31:31 GMT | WARNING --- 
   Forbidden: /bank/Create/ 

Wed 27 Dec 23 - 11:33:11 GMT | WARNING --- 
   Forbidden: /bank/Create/ 

Wed 27 Dec 23 - 11:34:32 GMT | WARNING --- 
   Forbidden: /bank/Create/ 

Wed 27 Dec 23 - 11:34:34 GMT | WARNING --- 
   Forbidden: /bank/Create/ 

Wed 27 Dec 23 - 11:34:35 GMT | WARNING --- 
   Forbidden: /bank/Create/ 

Wed 27 Dec 23 - 11:34:40 GMT | WARNING --- 
   Forbidden: /bank/Create/ 

Wed 27 Dec 23 - 11:34:43 GMT | WARNING --- 
   Forbidden: /bank/Create 

Wed 27 Dec 23 - 11:34:46 GMT | WARNING --- 
   Forbidden: /bank/Create 

Wed 27 Dec 23 - 11:34:52 GMT | WARNING --- 
   Forbidden: /bank/Create 

Wed 27 Dec 23 - 11:35:03 GMT | WARNING --- 
   Forbidden: /bank/Create 

Wed 27 Dec 23 - 11:38:43 GMT | WARNING --- 
   Forbidden: /bank/Create 

Wed 27 Dec 23 - 11:41:54 GMT | WARNING --- 
   Forbidden: /Hello 

Wed 27 Dec 23 - 11:42:24 GMT | WARNING --- 
   Forbidden: /Hello 

Wed 27 Dec 23 - 11:42:27 GMT | WARNING --- 
   Forbidden: /Hello 

Wed 27 Dec 23 - 11:43:11 GMT | WARNING --- 
   Method Not Allowed: /bank/Create/cih 

Wed 27 Dec 23 - 11:43:15 GMT | ERROR --- 
   Internal Server Error: /bank/Create/cih 
Traceback (most recent call last):
  File "C:\Users\G\scrafi_project\woob_project_venvd\lib\site-packages\django\core\handlers\exception.py", line 55, in inner
    response = get_response(request)
  File "C:\Users\G\scrafi_project\woob_project_venvd\lib\site-packages\django\core\handlers\base.py", line 197, in _get_response
    response = wrapped_callback(request, *callback_args, **callback_kwargs)
  File "C:\Users\G\scrafi_project\woob_project_venvd\lib\site-packages\django\views\decorators\csrf.py", line 54, in wrapped_view
    return view_func(*args, **kwargs)
  File "C:\Users\G\scrafi_project\woob_project_venvd\lib\site-packages\django\views\generic\base.py", line 84, in view
    return self.dispatch(request, *args, **kwargs)
  File "C:\Users\G\scrafi_project\woob_project_venvd\lib\site-packages\rest_framework\views.py", line 509, in dispatch
    response = self.handle_exception(exc)
  File "C:\Users\G\scrafi_project\woob_project_venvd\lib\site-packages\rest_framework\views.py", line 469, in handle_exception
    self.raise_uncaught_exception(exc)
  File "C:\Users\G\scrafi_project\woob_project_venvd\lib\site-packages\rest_framework\views.py", line 480, in raise_uncaught_exception
    raise exc
  File "C:\Users\G\scrafi_project\woob_project_venvd\lib\site-packages\rest_framework\views.py", line 506, in dispatch
    response = handler(request, *args, **kwargs)
  File "C:\Users\G\scrafi_project\woob_project_venvd\lib\site-packages\django\views\decorators\csrf.py", line 54, in wrapped_view
    return view_func(*args, **kwargs)
  File "C:\Users\G\scrafi_project\API\scrafi_api\views.py", line 208, in post
    return process_history_request(request, bank, 'create')
  File "C:\Users\G\scrafi_project\API\scrafi_api\views.py", line 79, in process_history_request
    username = request.data['username']
KeyError: 'username'
Wed 27 Dec 23 - 11:44:04 GMT | ERROR --- 
   Internal Server Error: /bank/Create/cih 
Traceback (most recent call last):
  File "C:\Users\G\scrafi_project\woob_project_venvd\lib\site-packages\django\core\handlers\exception.py", line 55, in inner
    response = get_response(request)
  File "C:\Users\G\scrafi_project\woob_project_venvd\lib\site-packages\django\core\handlers\base.py", line 197, in _get_response
    response = wrapped_callback(request, *callback_args, **callback_kwargs)
  File "C:\Users\G\scrafi_project\woob_project_venvd\lib\site-packages\django\views\decorators\csrf.py", line 54, in wrapped_view
    return view_func(*args, **kwargs)
  File "C:\Users\G\scrafi_project\woob_project_venvd\lib\site-packages\django\views\generic\base.py", line 84, in view
    return self.dispatch(request, *args, **kwargs)
  File "C:\Users\G\scrafi_project\woob_project_venvd\lib\site-packages\rest_framework\views.py", line 509, in dispatch
    response = self.handle_exception(exc)
  File "C:\Users\G\scrafi_project\woob_project_venvd\lib\site-packages\rest_framework\views.py", line 469, in handle_exception
    self.raise_uncaught_exception(exc)
  File "C:\Users\G\scrafi_project\woob_project_venvd\lib\site-packages\rest_framework\views.py", line 480, in raise_uncaught_exception
    raise exc
  File "C:\Users\G\scrafi_project\woob_project_venvd\lib\site-packages\rest_framework\views.py", line 506, in dispatch
    response = handler(request, *args, **kwargs)
  File "C:\Users\G\scrafi_project\woob_project_venvd\lib\site-packages\django\views\decorators\csrf.py", line 54, in wrapped_view
    return view_func(*args, **kwargs)
  File "C:\Users\G\scrafi_project\API\scrafi_api\views.py", line 208, in post
    return process_history_request(request, bank, 'create')
  File "C:\Users\G\scrafi_project\API\scrafi_api\views.py", line 79, in process_history_request
    username = request.data['username']
KeyError: 'username'
Wed 27 Dec 23 - 11:46:02 GMT | ERROR --- 
   Internal Server Error: /bank/Create/cih 
Traceback (most recent call last):
  File "C:\Users\G\scrafi_project\woob_project_venvd\lib\site-packages\django\core\handlers\exception.py", line 55, in inner
    response = get_response(request)
  File "C:\Users\G\scrafi_project\woob_project_venvd\lib\site-packages\django\core\handlers\base.py", line 197, in _get_response
    response = wrapped_callback(request, *callback_args, **callback_kwargs)
  File "C:\Users\G\scrafi_project\woob_project_venvd\lib\site-packages\django\views\decorators\csrf.py", line 54, in wrapped_view
    return view_func(*args, **kwargs)
  File "C:\Users\G\scrafi_project\woob_project_venvd\lib\site-packages\django\views\generic\base.py", line 84, in view
    return self.dispatch(request, *args, **kwargs)
  File "C:\Users\G\scrafi_project\woob_project_venvd\lib\site-packages\rest_framework\views.py", line 509, in dispatch
    response = self.handle_exception(exc)
  File "C:\Users\G\scrafi_project\woob_project_venvd\lib\site-packages\rest_framework\views.py", line 469, in handle_exception
    self.raise_uncaught_exception(exc)
  File "C:\Users\G\scrafi_project\woob_project_venvd\lib\site-packages\rest_framework\views.py", line 480, in raise_uncaught_exception
    raise exc
  File "C:\Users\G\scrafi_project\woob_project_venvd\lib\site-packages\rest_framework\views.py", line 506, in dispatch
    response = handler(request, *args, **kwargs)
  File "C:\Users\G\scrafi_project\woob_project_venvd\lib\site-packages\django\views\decorators\csrf.py", line 54, in wrapped_view
    return view_func(*args, **kwargs)
  File "C:\Users\G\scrafi_project\API\scrafi_api\views.py", line 210, in post
    return process_history_request(request, bank, 'create')
  File "C:\Users\G\scrafi_project\API\scrafi_api\views.py", line 79, in process_history_request
    username = request.data['username']
KeyError: 'username'
Wed 27 Dec 23 - 11:46:19 GMT | ERROR --- 
   Internal Server Error: /bank/Create/cih 
Traceback (most recent call last):
  File "C:\Users\G\scrafi_project\woob_project_venvd\lib\site-packages\django\core\handlers\exception.py", line 55, in inner
    response = get_response(request)
  File "C:\Users\G\scrafi_project\woob_project_venvd\lib\site-packages\django\core\handlers\base.py", line 197, in _get_response
    response = wrapped_callback(request, *callback_args, **callback_kwargs)
  File "C:\Users\G\scrafi_project\woob_project_venvd\lib\site-packages\django\views\decorators\csrf.py", line 54, in wrapped_view
    return view_func(*args, **kwargs)
  File "C:\Users\G\scrafi_project\woob_project_venvd\lib\site-packages\django\views\generic\base.py", line 84, in view
    return self.dispatch(request, *args, **kwargs)
  File "C:\Users\G\scrafi_project\woob_project_venvd\lib\site-packages\rest_framework\views.py", line 509, in dispatch
    response = self.handle_exception(exc)
  File "C:\Users\G\scrafi_project\woob_project_venvd\lib\site-packages\rest_framework\views.py", line 469, in handle_exception
    self.raise_uncaught_exception(exc)
  File "C:\Users\G\scrafi_project\woob_project_venvd\lib\site-packages\rest_framework\views.py", line 480, in raise_uncaught_exception
    raise exc
  File "C:\Users\G\scrafi_project\woob_project_venvd\lib\site-packages\rest_framework\views.py", line 506, in dispatch
    response = handler(request, *args, **kwargs)
  File "C:\Users\G\scrafi_project\woob_project_venvd\lib\site-packages\django\views\decorators\csrf.py", line 54, in wrapped_view
    return view_func(*args, **kwargs)
  File "C:\Users\G\scrafi_project\API\scrafi_api\views.py", line 210, in post
    return process_history_request(request, bank, 'create')
  File "C:\Users\G\scrafi_project\API\scrafi_api\views.py", line 79, in process_history_request
    username = request.data['username']
KeyError: 'username'
Wed 27 Dec 23 - 11:46:21 GMT | ERROR --- 
   Internal Server Error: /bank/Create/cih 
Traceback (most recent call last):
  File "C:\Users\G\scrafi_project\woob_project_venvd\lib\site-packages\django\core\handlers\exception.py", line 55, in inner
    response = get_response(request)
  File "C:\Users\G\scrafi_project\woob_project_venvd\lib\site-packages\django\core\handlers\base.py", line 197, in _get_response
    response = wrapped_callback(request, *callback_args, **callback_kwargs)
  File "C:\Users\G\scrafi_project\woob_project_venvd\lib\site-packages\django\views\decorators\csrf.py", line 54, in wrapped_view
    return view_func(*args, **kwargs)
  File "C:\Users\G\scrafi_project\woob_project_venvd\lib\site-packages\django\views\generic\base.py", line 84, in view
    return self.dispatch(request, *args, **kwargs)
  File "C:\Users\G\scrafi_project\woob_project_venvd\lib\site-packages\rest_framework\views.py", line 509, in dispatch
    response = self.handle_exception(exc)
  File "C:\Users\G\scrafi_project\woob_project_venvd\lib\site-packages\rest_framework\views.py", line 469, in handle_exception
    self.raise_uncaught_exception(exc)
  File "C:\Users\G\scrafi_project\woob_project_venvd\lib\site-packages\rest_framework\views.py", line 480, in raise_uncaught_exception
    raise exc
  File "C:\Users\G\scrafi_project\woob_project_venvd\lib\site-packages\rest_framework\views.py", line 506, in dispatch
    response = handler(request, *args, **kwargs)
  File "C:\Users\G\scrafi_project\woob_project_venvd\lib\site-packages\django\views\decorators\csrf.py", line 54, in wrapped_view
    return view_func(*args, **kwargs)
  File "C:\Users\G\scrafi_project\API\scrafi_api\views.py", line 210, in post
    return process_history_request(request, bank, 'create')
  File "C:\Users\G\scrafi_project\API\scrafi_api\views.py", line 79, in process_history_request
    username = request.data['username']
KeyError: 'username'
Wed 27 Dec 23 - 11:49:17 GMT | ERROR --- 
   Internal Server Error: /bank/Create/cih 
Traceback (most recent call last):
  File "C:\Users\G\scrafi_project\woob_project_venvd\lib\site-packages\django\core\handlers\exception.py", line 55, in inner
    response = get_response(request)
  File "C:\Users\G\scrafi_project\woob_project_venvd\lib\site-packages\django\core\handlers\base.py", line 197, in _get_response
    response = wrapped_callback(request, *callback_args, **callback_kwargs)
  File "C:\Users\G\scrafi_project\woob_project_venvd\lib\site-packages\django\views\decorators\csrf.py", line 54, in wrapped_view
    return view_func(*args, **kwargs)
  File "C:\Users\G\scrafi_project\woob_project_venvd\lib\site-packages\django\views\generic\base.py", line 84, in view
    return self.dispatch(request, *args, **kwargs)
  File "C:\Users\G\scrafi_project\woob_project_venvd\lib\site-packages\rest_framework\views.py", line 509, in dispatch
    response = self.handle_exception(exc)
  File "C:\Users\G\scrafi_project\woob_project_venvd\lib\site-packages\rest_framework\views.py", line 469, in handle_exception
    self.raise_uncaught_exception(exc)
  File "C:\Users\G\scrafi_project\woob_project_venvd\lib\site-packages\rest_framework\views.py", line 480, in raise_uncaught_exception
    raise exc
  File "C:\Users\G\scrafi_project\woob_project_venvd\lib\site-packages\rest_framework\views.py", line 506, in dispatch
    response = handler(request, *args, **kwargs)
  File "C:\Users\G\scrafi_project\woob_project_venvd\lib\site-packages\django\views\decorators\csrf.py", line 54, in wrapped_view
    return view_func(*args, **kwargs)
  File "C:\Users\G\scrafi_project\API\scrafi_api\views.py", line 210, in post
    return process_history_request(request, bank, 'create')
  File "C:\Users\G\scrafi_project\API\scrafi_api\views.py", line 79, in process_history_request
    username = request.data['username']
KeyError: 'username'
Wed 27 Dec 23 - 11:50:06 GMT | ERROR --- 
   Internal Server Error: /bank/Create/cih 
Traceback (most recent call last):
  File "C:\Users\G\scrafi_project\woob_project_venvd\lib\site-packages\django\utils\datastructures.py", line 84, in __getitem__
    list_ = super().__getitem__(key)
KeyError: 'acc_id'

During handling of the above exception, another exception occurred:

Traceback (most recent call last):
  File "C:\Users\G\scrafi_project\woob_project_venvd\lib\site-packages\django\core\handlers\exception.py", line 55, in inner
    response = get_response(request)
  File "C:\Users\G\scrafi_project\woob_project_venvd\lib\site-packages\django\core\handlers\base.py", line 197, in _get_response
    response = wrapped_callback(request, *callback_args, **callback_kwargs)
  File "C:\Users\G\scrafi_project\woob_project_venvd\lib\site-packages\django\views\decorators\csrf.py", line 54, in wrapped_view
    return view_func(*args, **kwargs)
  File "C:\Users\G\scrafi_project\woob_project_venvd\lib\site-packages\django\views\generic\base.py", line 84, in view
    return self.dispatch(request, *args, **kwargs)
  File "C:\Users\G\scrafi_project\woob_project_venvd\lib\site-packages\rest_framework\views.py", line 509, in dispatch
    response = self.handle_exception(exc)
  File "C:\Users\G\scrafi_project\woob_project_venvd\lib\site-packages\rest_framework\views.py", line 469, in handle_exception
    self.raise_uncaught_exception(exc)
  File "C:\Users\G\scrafi_project\woob_project_venvd\lib\site-packages\rest_framework\views.py", line 480, in raise_uncaught_exception
    raise exc
  File "C:\Users\G\scrafi_project\woob_project_venvd\lib\site-packages\rest_framework\views.py", line 506, in dispatch
    response = handler(request, *args, **kwargs)
  File "C:\Users\G\scrafi_project\woob_project_venvd\lib\site-packages\django\views\decorators\csrf.py", line 54, in wrapped_view
    return view_func(*args, **kwargs)
  File "C:\Users\G\scrafi_project\API\scrafi_api\views.py", line 210, in post
    return process_history_request(request, bank, 'create')
  File "C:\Users\G\scrafi_project\API\scrafi_api\views.py", line 93, in process_history_request
    acc_id = request.data['acc_id']
  File "C:\Users\G\scrafi_project\woob_project_venvd\lib\site-packages\django\utils\datastructures.py", line 86, in __getitem__
    raise MultiValueDictKeyError(key)
django.utils.datastructures.MultiValueDictKeyError: 'acc_id'
Wed 27 Dec 23 - 11:50:28 GMT | ERROR --- 
   Internal Server Error: /bank/Create/cih 
Traceback (most recent call last):
  File "C:\Users\G\scrafi_project\woob_project_venvd\lib\site-packages\redis\connection.py", line 264, in connect
    sock = self.retry.call_with_retry(
  File "C:\Users\G\scrafi_project\woob_project_venvd\lib\site-packages\redis\retry.py", line 46, in call_with_retry
    return do()
  File "C:\Users\G\scrafi_project\woob_project_venvd\lib\site-packages\redis\connection.py", line 265, in <lambda>
    lambda: self._connect(), lambda error: self.disconnect(error)
  File "C:\Users\G\scrafi_project\woob_project_venvd\lib\site-packages\redis\connection.py", line 627, in _connect
    raise err
  File "C:\Users\G\scrafi_project\woob_project_venvd\lib\site-packages\redis\connection.py", line 615, in _connect
    sock.connect(socket_address)
ConnectionRefusedError: [WinError 10061] Aucune connexion n’a pu être établie car l’ordinateur cible l’a expressément refusée

During handling of the above exception, another exception occurred:

Traceback (most recent call last):
  File "C:\Users\G\scrafi_project\woob_project_venvd\lib\site-packages\django\core\handlers\exception.py", line 55, in inner
    response = get_response(request)
  File "C:\Users\G\scrafi_project\woob_project_venvd\lib\site-packages\django\core\handlers\base.py", line 197, in _get_response
    response = wrapped_callback(request, *callback_args, **callback_kwargs)
  File "C:\Users\G\scrafi_project\woob_project_venvd\lib\site-packages\django\views\decorators\csrf.py", line 54, in wrapped_view
    return view_func(*args, **kwargs)
  File "C:\Users\G\scrafi_project\woob_project_venvd\lib\site-packages\django\views\generic\base.py", line 84, in view
    return self.dispatch(request, *args, **kwargs)
  File "C:\Users\G\scrafi_project\woob_project_venvd\lib\site-packages\rest_framework\views.py", line 509, in dispatch
    response = self.handle_exception(exc)
  File "C:\Users\G\scrafi_project\woob_project_venvd\lib\site-packages\rest_framework\views.py", line 469, in handle_exception
    self.raise_uncaught_exception(exc)
  File "C:\Users\G\scrafi_project\woob_project_venvd\lib\site-packages\rest_framework\views.py", line 480, in raise_uncaught_exception
    raise exc
  File "C:\Users\G\scrafi_project\woob_project_venvd\lib\site-packages\rest_framework\views.py", line 506, in dispatch
    response = handler(request, *args, **kwargs)
  File "C:\Users\G\scrafi_project\woob_project_venvd\lib\site-packages\django\views\decorators\csrf.py", line 54, in wrapped_view
    return view_func(*args, **kwargs)
  File "C:\Users\G\scrafi_project\API\scrafi_api\views.py", line 210, in post
    return process_history_request(request, bank, 'create')
  File "C:\Users\G\scrafi_project\API\scrafi_api\views.py", line 125, in process_history_request
    job_id = add_to_bank_q(flow, bank, username, password, acc_id, start_date)
  File "C:\Users\G\scrafi_project\API\scrafi_api\woobango.py", line 61, in add_to_bank_q
    job = q.enqueue(
  File "C:\Users\G\scrafi_project\woob_project_venvd\lib\site-packages\rq\queue.py", line 972, in enqueue
    return self.enqueue_call(
  File "C:\Users\G\scrafi_project\woob_project_venvd\lib\site-packages\rq\queue.py", line 721, in enqueue_call
    return self.enqueue_job(job, pipeline=pipeline, at_front=at_front)
  File "C:\Users\G\scrafi_project\woob_project_venvd\lib\site-packages\rq\queue.py", line 1095, in enqueue_job
    return self._enqueue_job(job, pipeline=pipeline, at_front=at_front)
  File "C:\Users\G\scrafi_project\woob_project_venvd\lib\site-packages\rq\queue.py", line 1115, in _enqueue_job
    job.redis_server_version = self.get_redis_server_version()
  File "C:\Users\G\scrafi_project\woob_project_venvd\lib\site-packages\rq\queue.py", line 219, in get_redis_server_version
    self.redis_server_version = get_version(self.connection)
  File "C:\Users\G\scrafi_project\woob_project_venvd\lib\site-packages\rq\utils.py", line 293, in get_version
    tuple(int(i) for i in connection.info("server")["redis_version"].split('.')[:3]),
  File "C:\Users\G\scrafi_project\woob_project_venvd\lib\site-packages\redis\commands\core.py", line 1004, in info
    return self.execute_command("INFO", section, *args, **kwargs)
  File "C:\Users\G\scrafi_project\woob_project_venvd\lib\site-packages\redis\client.py", line 533, in execute_command
    conn = self.connection or pool.get_connection(command_name, **options)
  File "C:\Users\G\scrafi_project\woob_project_venvd\lib\site-packages\redis\connection.py", line 1086, in get_connection
    connection.connect()
  File "C:\Users\G\scrafi_project\woob_project_venvd\lib\site-packages\redis\connection.py", line 270, in connect
    raise ConnectionError(self._error_message(e))
redis.exceptions.ConnectionError: Error 10061 connecting to localhost:6379. Aucune connexion n’a pu être établie car l’ordinateur cible l’a expressément refusée.
Wed 27 Dec 23 - 16:01:22 GMT | ERROR --- 
   Internal Server Error: /bank/Create/cih 
Traceback (most recent call last):
  File "C:\Users\G\scrafi_project\woob_project_venvd\lib\site-packages\django\core\handlers\exception.py", line 55, in inner
    response = get_response(request)
  File "C:\Users\G\scrafi_project\woob_project_venvd\lib\site-packages\django\core\handlers\base.py", line 197, in _get_response
    response = wrapped_callback(request, *callback_args, **callback_kwargs)
  File "C:\Users\G\scrafi_project\woob_project_venvd\lib\site-packages\django\views\decorators\csrf.py", line 54, in wrapped_view
    return view_func(*args, **kwargs)
  File "C:\Users\G\scrafi_project\woob_project_venvd\lib\site-packages\django\views\generic\base.py", line 84, in view
    return self.dispatch(request, *args, **kwargs)
  File "C:\Users\G\scrafi_project\woob_project_venvd\lib\site-packages\rest_framework\views.py", line 509, in dispatch
    response = self.handle_exception(exc)
  File "C:\Users\G\scrafi_project\woob_project_venvd\lib\site-packages\rest_framework\views.py", line 469, in handle_exception
    self.raise_uncaught_exception(exc)
  File "C:\Users\G\scrafi_project\woob_project_venvd\lib\site-packages\rest_framework\views.py", line 480, in raise_uncaught_exception
    raise exc
  File "C:\Users\G\scrafi_project\woob_project_venvd\lib\site-packages\rest_framework\views.py", line 506, in dispatch
    response = handler(request, *args, **kwargs)
  File "C:\Users\G\scrafi_project\woob_project_venvd\lib\site-packages\django\views\decorators\csrf.py", line 54, in wrapped_view
    return view_func(*args, **kwargs)
  File "C:\Users\G\scrafi_project\API\scrafi_api\views.py", line 208, in post
    return process_history_request(request, bank, 'create')
  File "C:\Users\G\scrafi_project\API\scrafi_api\views.py", line 123, in process_history_request
    job_id = add_to_bank_q(flow, bank, username, password, acc_id, start_date)
  File "C:\Users\G\scrafi_project\API\scrafi_api\woobango.py", line 60, in add_to_bank_q
    woober_connect(woobank, username, password)
  File "C:\Users\G\scrafi_project\API\scrafi_api\woobango.py", line 54, in woober_connect
    return woober.connect(username, password)
  File "C:\Users\G\scrafi_project\API\scrafi_api\woober.py", line 247, in connect
    job_id = get_current_job().id
AttributeError: 'NoneType' object has no attribute 'id'
Wed 27 Dec 23 - 16:02:09 GMT | ERROR --- 
   Internal Server Error: /bank/Create/cih 
Traceback (most recent call last):
  File "C:\Users\G\scrafi_project\woob_project_venvd\lib\site-packages\django\core\handlers\exception.py", line 55, in inner
    response = get_response(request)
  File "C:\Users\G\scrafi_project\woob_project_venvd\lib\site-packages\django\core\handlers\base.py", line 197, in _get_response
    response = wrapped_callback(request, *callback_args, **callback_kwargs)
  File "C:\Users\G\scrafi_project\woob_project_venvd\lib\site-packages\django\views\decorators\csrf.py", line 54, in wrapped_view
    return view_func(*args, **kwargs)
  File "C:\Users\G\scrafi_project\woob_project_venvd\lib\site-packages\django\views\generic\base.py", line 84, in view
    return self.dispatch(request, *args, **kwargs)
  File "C:\Users\G\scrafi_project\woob_project_venvd\lib\site-packages\rest_framework\views.py", line 509, in dispatch
    response = self.handle_exception(exc)
  File "C:\Users\G\scrafi_project\woob_project_venvd\lib\site-packages\rest_framework\views.py", line 469, in handle_exception
    self.raise_uncaught_exception(exc)
  File "C:\Users\G\scrafi_project\woob_project_venvd\lib\site-packages\rest_framework\views.py", line 480, in raise_uncaught_exception
    raise exc
  File "C:\Users\G\scrafi_project\woob_project_venvd\lib\site-packages\rest_framework\views.py", line 506, in dispatch
    response = handler(request, *args, **kwargs)
  File "C:\Users\G\scrafi_project\woob_project_venvd\lib\site-packages\django\views\decorators\csrf.py", line 54, in wrapped_view
    return view_func(*args, **kwargs)
  File "C:\Users\G\scrafi_project\API\scrafi_api\views.py", line 208, in post
    return process_history_request(request, bank, 'create')
  File "C:\Users\G\scrafi_project\API\scrafi_api\views.py", line 123, in process_history_request
    job_id = add_to_bank_q(flow, bank, username, password, acc_id, start_date)
  File "C:\Users\G\scrafi_project\API\scrafi_api\woobango.py", line 75, in add_to_bank_q
    woober_connect(woobank, username, password)
  File "C:\Users\G\scrafi_project\API\scrafi_api\woobango.py", line 54, in woober_connect
    return woober.connect(username, password)
  File "C:\Users\G\scrafi_project\API\scrafi_api\woober.py", line 247, in connect
    job_id = get_current_job().id
AttributeError: 'NoneType' object has no attribute 'id'
Wed 27 Dec 23 - 16:03:50 GMT | ERROR --- 
   Internal Server Error: /bank/Create/cih 
Traceback (most recent call last):
  File "C:\Users\G\scrafi_project\woob_project_venvd\lib\site-packages\django\core\handlers\exception.py", line 55, in inner
    response = get_response(request)
  File "C:\Users\G\scrafi_project\woob_project_venvd\lib\site-packages\django\core\handlers\base.py", line 197, in _get_response
    response = wrapped_callback(request, *callback_args, **callback_kwargs)
  File "C:\Users\G\scrafi_project\woob_project_venvd\lib\site-packages\django\views\decorators\csrf.py", line 54, in wrapped_view
    return view_func(*args, **kwargs)
  File "C:\Users\G\scrafi_project\woob_project_venvd\lib\site-packages\django\views\generic\base.py", line 84, in view
    return self.dispatch(request, *args, **kwargs)
  File "C:\Users\G\scrafi_project\woob_project_venvd\lib\site-packages\rest_framework\views.py", line 509, in dispatch
    response = self.handle_exception(exc)
  File "C:\Users\G\scrafi_project\woob_project_venvd\lib\site-packages\rest_framework\views.py", line 469, in handle_exception
    self.raise_uncaught_exception(exc)
  File "C:\Users\G\scrafi_project\woob_project_venvd\lib\site-packages\rest_framework\views.py", line 480, in raise_uncaught_exception
    raise exc
  File "C:\Users\G\scrafi_project\woob_project_venvd\lib\site-packages\rest_framework\views.py", line 506, in dispatch
    response = handler(request, *args, **kwargs)
  File "C:\Users\G\scrafi_project\woob_project_venvd\lib\site-packages\django\views\decorators\csrf.py", line 54, in wrapped_view
    return view_func(*args, **kwargs)
  File "C:\Users\G\scrafi_project\API\scrafi_api\views.py", line 208, in post
    return process_history_request(request, bank, 'create')
  File "C:\Users\G\scrafi_project\API\scrafi_api\views.py", line 123, in process_history_request
    job_id = add_to_bank_q(flow, bank, username, password, acc_id, start_date)
  File "C:\Users\G\scrafi_project\API\scrafi_api\woobango.py", line 75, in add_to_bank_q
    woober_connect(woobank, username, password)
  File "C:\Users\G\scrafi_project\API\scrafi_api\woobango.py", line 54, in woober_connect
    return woober.connect(username, password)
  File "C:\Users\G\scrafi_project\API\scrafi_api\woober.py", line 248, in connect
    job_id = get_current_job().id
AttributeError: 'NoneType' object has no attribute 'id'
Wed 27 Dec 23 - 16:07:40 GMT | ERROR --- 
   Internal Server Error: /bank/Create/cih 
Traceback (most recent call last):
  File "C:\Users\G\scrafi_project\woob_project_venvd\lib\site-packages\django\core\handlers\exception.py", line 55, in inner
    response = get_response(request)
  File "C:\Users\G\scrafi_project\woob_project_venvd\lib\site-packages\django\core\handlers\base.py", line 197, in _get_response
    response = wrapped_callback(request, *callback_args, **callback_kwargs)
  File "C:\Users\G\scrafi_project\woob_project_venvd\lib\site-packages\django\views\decorators\csrf.py", line 54, in wrapped_view
    return view_func(*args, **kwargs)
  File "C:\Users\G\scrafi_project\woob_project_venvd\lib\site-packages\django\views\generic\base.py", line 84, in view
    return self.dispatch(request, *args, **kwargs)
  File "C:\Users\G\scrafi_project\woob_project_venvd\lib\site-packages\rest_framework\views.py", line 509, in dispatch
    response = self.handle_exception(exc)
  File "C:\Users\G\scrafi_project\woob_project_venvd\lib\site-packages\rest_framework\views.py", line 469, in handle_exception
    self.raise_uncaught_exception(exc)
  File "C:\Users\G\scrafi_project\woob_project_venvd\lib\site-packages\rest_framework\views.py", line 480, in raise_uncaught_exception
    raise exc
  File "C:\Users\G\scrafi_project\woob_project_venvd\lib\site-packages\rest_framework\views.py", line 506, in dispatch
    response = handler(request, *args, **kwargs)
  File "C:\Users\G\scrafi_project\woob_project_venvd\lib\site-packages\django\views\decorators\csrf.py", line 54, in wrapped_view
    return view_func(*args, **kwargs)
  File "C:\Users\G\scrafi_project\API\scrafi_api\views.py", line 208, in post
    return process_history_request(request, bank, 'create')
  File "C:\Users\G\scrafi_project\API\scrafi_api\views.py", line 123, in process_history_request
    job_id = add_to_bank_q(flow, bank, username, password, acc_id, start_date)
  File "C:\Users\G\scrafi_project\API\scrafi_api\woobango.py", line 75, in add_to_bank_q
    woober_connect(woobank, username, password)
  File "C:\Users\G\scrafi_project\API\scrafi_api\woobango.py", line 54, in woober_connect
    return woober.connect(username, password)
  File "C:\Users\G\scrafi_project\API\scrafi_api\woober.py", line 248, in connect
    job_id = get_current_job().id
AttributeError: 'NoneType' object has no attribute 'id'
Wed 27 Dec 23 - 16:37:49 GMT | ERROR --- 
   Internal Server Error: /bank/Create/cih 
Traceback (most recent call last):
  File "C:\Users\G\scrafi_project\woob_project_venvd\lib\site-packages\django\core\handlers\exception.py", line 55, in inner
    response = get_response(request)
  File "C:\Users\G\scrafi_project\woob_project_venvd\lib\site-packages\django\core\handlers\base.py", line 197, in _get_response
    response = wrapped_callback(request, *callback_args, **callback_kwargs)
  File "C:\Users\G\scrafi_project\woob_project_venvd\lib\site-packages\django\views\decorators\csrf.py", line 54, in wrapped_view
    return view_func(*args, **kwargs)
  File "C:\Users\G\scrafi_project\woob_project_venvd\lib\site-packages\django\views\generic\base.py", line 84, in view
    return self.dispatch(request, *args, **kwargs)
  File "C:\Users\G\scrafi_project\woob_project_venvd\lib\site-packages\rest_framework\views.py", line 509, in dispatch
    response = self.handle_exception(exc)
  File "C:\Users\G\scrafi_project\woob_project_venvd\lib\site-packages\rest_framework\views.py", line 469, in handle_exception
    self.raise_uncaught_exception(exc)
  File "C:\Users\G\scrafi_project\woob_project_venvd\lib\site-packages\rest_framework\views.py", line 480, in raise_uncaught_exception
    raise exc
  File "C:\Users\G\scrafi_project\woob_project_venvd\lib\site-packages\rest_framework\views.py", line 506, in dispatch
    response = handler(request, *args, **kwargs)
  File "C:\Users\G\scrafi_project\woob_project_venvd\lib\site-packages\django\views\decorators\csrf.py", line 54, in wrapped_view
    return view_func(*args, **kwargs)
  File "C:\Users\G\scrafi_project\API\scrafi_api\views.py", line 207, in post
    return process_history_request(request, bank, 'create')
  File "C:\Users\G\scrafi_project\API\scrafi_api\views.py", line 122, in process_history_request
    job_id = add_to_bank_q(flow, bank, username, password, acc_id, start_date)
  File "C:\Users\G\scrafi_project\API\scrafi_api\woobango.py", line 75, in add_to_bank_q
    woober_connect(woobank, username, password)
  File "C:\Users\G\scrafi_project\API\scrafi_api\woobango.py", line 54, in woober_connect
    return woober.connect(username, password)
  File "C:\Users\G\scrafi_project\API\scrafi_api\woober.py", line 248, in connect
    job_id = get_current_job().id
AttributeError: 'NoneType' object has no attribute 'id'
Fri 29 Dec 23 - 09:49:56 GMT | ERROR --- 
   Internal Server Error: /bank/Create/chaabi 
Traceback (most recent call last):
  File "C:\Users\G\scrafi_project\woob_project_venvd\lib\site-packages\redis\connection.py", line 264, in connect
    sock = self.retry.call_with_retry(
  File "C:\Users\G\scrafi_project\woob_project_venvd\lib\site-packages\redis\retry.py", line 46, in call_with_retry
    return do()
  File "C:\Users\G\scrafi_project\woob_project_venvd\lib\site-packages\redis\connection.py", line 265, in <lambda>
    lambda: self._connect(), lambda error: self.disconnect(error)
  File "C:\Users\G\scrafi_project\woob_project_venvd\lib\site-packages\redis\connection.py", line 627, in _connect
    raise err
  File "C:\Users\G\scrafi_project\woob_project_venvd\lib\site-packages\redis\connection.py", line 615, in _connect
    sock.connect(socket_address)
ConnectionRefusedError: [WinError 10061] Aucune connexion n’a pu être établie car l’ordinateur cible l’a expressément refusée

During handling of the above exception, another exception occurred:

Traceback (most recent call last):
  File "C:\Users\G\scrafi_project\woob_project_venvd\lib\site-packages\django\core\handlers\exception.py", line 55, in inner
    response = get_response(request)
  File "C:\Users\G\scrafi_project\woob_project_venvd\lib\site-packages\django\core\handlers\base.py", line 197, in _get_response
    response = wrapped_callback(request, *callback_args, **callback_kwargs)
  File "C:\Users\G\scrafi_project\woob_project_venvd\lib\site-packages\django\views\decorators\csrf.py", line 54, in wrapped_view
    return view_func(*args, **kwargs)
  File "C:\Users\G\scrafi_project\woob_project_venvd\lib\site-packages\django\views\generic\base.py", line 84, in view
    return self.dispatch(request, *args, **kwargs)
  File "C:\Users\G\scrafi_project\woob_project_venvd\lib\site-packages\rest_framework\views.py", line 509, in dispatch
    response = self.handle_exception(exc)
  File "C:\Users\G\scrafi_project\woob_project_venvd\lib\site-packages\rest_framework\views.py", line 469, in handle_exception
    self.raise_uncaught_exception(exc)
  File "C:\Users\G\scrafi_project\woob_project_venvd\lib\site-packages\rest_framework\views.py", line 480, in raise_uncaught_exception
    raise exc
  File "C:\Users\G\scrafi_project\woob_project_venvd\lib\site-packages\rest_framework\views.py", line 506, in dispatch
    response = handler(request, *args, **kwargs)
  File "C:\Users\G\scrafi_project\woob_project_venvd\lib\site-packages\django\views\decorators\csrf.py", line 54, in wrapped_view
    return view_func(*args, **kwargs)
  File "C:\Users\G\scrafi_project\API\scrafi_api\views.py", line 207, in post
    return process_history_request(request, bank, 'create')
  File "C:\Users\G\scrafi_project\API\scrafi_api\views.py", line 122, in process_history_request
    job_id = add_to_bank_q(flow, bank, username, password, acc_id, start_date)
  File "C:\Users\G\scrafi_project\API\scrafi_api\woobango.py", line 60, in add_to_bank_q
    job = q.enqueue(
  File "C:\Users\G\scrafi_project\woob_project_venvd\lib\site-packages\rq\queue.py", line 972, in enqueue
    return self.enqueue_call(
  File "C:\Users\G\scrafi_project\woob_project_venvd\lib\site-packages\rq\queue.py", line 721, in enqueue_call
    return self.enqueue_job(job, pipeline=pipeline, at_front=at_front)
  File "C:\Users\G\scrafi_project\woob_project_venvd\lib\site-packages\rq\queue.py", line 1095, in enqueue_job
    return self._enqueue_job(job, pipeline=pipeline, at_front=at_front)
  File "C:\Users\G\scrafi_project\woob_project_venvd\lib\site-packages\rq\queue.py", line 1115, in _enqueue_job
    job.redis_server_version = self.get_redis_server_version()
  File "C:\Users\G\scrafi_project\woob_project_venvd\lib\site-packages\rq\queue.py", line 219, in get_redis_server_version
    self.redis_server_version = get_version(self.connection)
  File "C:\Users\G\scrafi_project\woob_project_venvd\lib\site-packages\rq\utils.py", line 293, in get_version
    tuple(int(i) for i in connection.info("server")["redis_version"].split('.')[:3]),
  File "C:\Users\G\scrafi_project\woob_project_venvd\lib\site-packages\redis\commands\core.py", line 1004, in info
    return self.execute_command("INFO", section, *args, **kwargs)
  File "C:\Users\G\scrafi_project\woob_project_venvd\lib\site-packages\redis\client.py", line 533, in execute_command
    conn = self.connection or pool.get_connection(command_name, **options)
  File "C:\Users\G\scrafi_project\woob_project_venvd\lib\site-packages\redis\connection.py", line 1086, in get_connection
    connection.connect()
  File "C:\Users\G\scrafi_project\woob_project_venvd\lib\site-packages\redis\connection.py", line 270, in connect
    raise ConnectionError(self._error_message(e))
redis.exceptions.ConnectionError: Error 10061 connecting to localhost:6379. Aucune connexion n’a pu être établie car l’ordinateur cible l’a expressément refusée.
Fri 29 Dec 23 - 10:08:07 GMT | WARNING --- 
   Forbidden: /bankHistory/getResult 

Fri 29 Dec 23 - 10:08:36 GMT | WARNING --- 
   Forbidden: /bankHistory/getResult 

Fri 29 Dec 23 - 10:08:52 GMT | WARNING --- 
   Forbidden: /bankHistory/getResult 

Fri 29 Dec 23 - 10:51:25 GMT | WARNING --- 
   Forbidden: /bankHistory/getResult 

Fri 29 Dec 23 - 10:51:35 GMT | WARNING --- 
   Forbidden: /bankHistory/getResult 

Fri 29 Dec 23 - 15:10:42 GMT | ERROR --- 
   Internal Server Error: /bank/bankHistory/Create/cih 
Traceback (most recent call last):
  File "C:\Users\G\scrafi_project\woob_project_venvd\lib\site-packages\django\core\handlers\exception.py", line 55, in inner
    response = get_response(request)
  File "C:\Users\G\scrafi_project\woob_project_venvd\lib\site-packages\django\core\handlers\base.py", line 197, in _get_response
    response = wrapped_callback(request, *callback_args, **callback_kwargs)
  File "C:\Users\G\scrafi_project\woob_project_venvd\lib\site-packages\django\views\decorators\csrf.py", line 54, in wrapped_view
    return view_func(*args, **kwargs)
  File "C:\Users\G\scrafi_project\woob_project_venvd\lib\site-packages\django\views\generic\base.py", line 84, in view
    return self.dispatch(request, *args, **kwargs)
  File "C:\Users\G\scrafi_project\woob_project_venvd\lib\site-packages\rest_framework\views.py", line 509, in dispatch
    response = self.handle_exception(exc)
  File "C:\Users\G\scrafi_project\woob_project_venvd\lib\site-packages\rest_framework\views.py", line 469, in handle_exception
    self.raise_uncaught_exception(exc)
  File "C:\Users\G\scrafi_project\woob_project_venvd\lib\site-packages\rest_framework\views.py", line 480, in raise_uncaught_exception
    raise exc
  File "C:\Users\G\scrafi_project\woob_project_venvd\lib\site-packages\rest_framework\views.py", line 506, in dispatch
    response = handler(request, *args, **kwargs)
  File "C:\Users\G\scrafi_project\woob_project_venvd\lib\site-packages\django\views\decorators\csrf.py", line 54, in wrapped_view
    return view_func(*args, **kwargs)
  File "C:\Users\G\scrafi_project\API\scrafi_api\views.py", line 207, in post
    return process_history_request(request, bank, 'create')
  File "C:\Users\G\scrafi_project\API\scrafi_api\views.py", line 122, in process_history_request
    job_id = add_to_bank_q(flow, bank, username, password, acc_id, start_date)
  File "C:\Users\G\scrafi_project\API\scrafi_api\woobango.py", line 60, in add_to_bank_q
    woober_connect(woobank, username, password)
  File "C:\Users\G\scrafi_project\API\scrafi_api\woobango.py", line 55, in woober_connect
    return woober.connect(username, password)
  File "C:\Users\G\scrafi_project\API\scrafi_api\woober.py", line 247, in connect
    job_id = get_current_job().id
AttributeError: 'NoneType' object has no attribute 'id'
Fri 29 Dec 23 - 15:21:52 GMT | ERROR --- 
   Internal Server Error: /bank/bankHistory/Create/cih 
Traceback (most recent call last):
  File "C:\Users\G\scrafi_project\woob_project_venvd\lib\site-packages\redis\connection.py", line 264, in connect
    sock = self.retry.call_with_retry(
  File "C:\Users\G\scrafi_project\woob_project_venvd\lib\site-packages\redis\retry.py", line 46, in call_with_retry
    return do()
  File "C:\Users\G\scrafi_project\woob_project_venvd\lib\site-packages\redis\connection.py", line 265, in <lambda>
    lambda: self._connect(), lambda error: self.disconnect(error)
  File "C:\Users\G\scrafi_project\woob_project_venvd\lib\site-packages\redis\connection.py", line 627, in _connect
    raise err
  File "C:\Users\G\scrafi_project\woob_project_venvd\lib\site-packages\redis\connection.py", line 615, in _connect
    sock.connect(socket_address)
ConnectionRefusedError: [WinError 10061] Aucune connexion n’a pu être établie car l’ordinateur cible l’a expressément refusée

During handling of the above exception, another exception occurred:

Traceback (most recent call last):
  File "C:\Users\G\scrafi_project\woob_project_venvd\lib\site-packages\django\core\handlers\exception.py", line 55, in inner
    response = get_response(request)
  File "C:\Users\G\scrafi_project\woob_project_venvd\lib\site-packages\django\core\handlers\base.py", line 197, in _get_response
    response = wrapped_callback(request, *callback_args, **callback_kwargs)
  File "C:\Users\G\scrafi_project\woob_project_venvd\lib\site-packages\django\views\decorators\csrf.py", line 54, in wrapped_view
    return view_func(*args, **kwargs)
  File "C:\Users\G\scrafi_project\woob_project_venvd\lib\site-packages\django\views\generic\base.py", line 84, in view
    return self.dispatch(request, *args, **kwargs)
  File "C:\Users\G\scrafi_project\woob_project_venvd\lib\site-packages\rest_framework\views.py", line 509, in dispatch
    response = self.handle_exception(exc)
  File "C:\Users\G\scrafi_project\woob_project_venvd\lib\site-packages\rest_framework\views.py", line 469, in handle_exception
    self.raise_uncaught_exception(exc)
  File "C:\Users\G\scrafi_project\woob_project_venvd\lib\site-packages\rest_framework\views.py", line 480, in raise_uncaught_exception
    raise exc
  File "C:\Users\G\scrafi_project\woob_project_venvd\lib\site-packages\rest_framework\views.py", line 506, in dispatch
    response = handler(request, *args, **kwargs)
  File "C:\Users\G\scrafi_project\woob_project_venvd\lib\site-packages\django\views\decorators\csrf.py", line 54, in wrapped_view
    return view_func(*args, **kwargs)
  File "C:\Users\G\scrafi_project\API\scrafi_api\views.py", line 207, in post
    return process_history_request(request, bank, 'create')
  File "C:\Users\G\scrafi_project\API\scrafi_api\views.py", line 122, in process_history_request
    job_id = add_to_bank_q(flow, bank, username, password, acc_id, start_date)
  File "C:\Users\G\scrafi_project\API\scrafi_api\woobango.py", line 61, in add_to_bank_q
    job = q.enqueue(
  File "C:\Users\G\scrafi_project\woob_project_venvd\lib\site-packages\rq\queue.py", line 972, in enqueue
    return self.enqueue_call(
  File "C:\Users\G\scrafi_project\woob_project_venvd\lib\site-packages\rq\queue.py", line 721, in enqueue_call
    return self.enqueue_job(job, pipeline=pipeline, at_front=at_front)
  File "C:\Users\G\scrafi_project\woob_project_venvd\lib\site-packages\rq\queue.py", line 1095, in enqueue_job
    return self._enqueue_job(job, pipeline=pipeline, at_front=at_front)
  File "C:\Users\G\scrafi_project\woob_project_venvd\lib\site-packages\rq\queue.py", line 1115, in _enqueue_job
    job.redis_server_version = self.get_redis_server_version()
  File "C:\Users\G\scrafi_project\woob_project_venvd\lib\site-packages\rq\queue.py", line 219, in get_redis_server_version
    self.redis_server_version = get_version(self.connection)
  File "C:\Users\G\scrafi_project\woob_project_venvd\lib\site-packages\rq\utils.py", line 293, in get_version
    tuple(int(i) for i in connection.info("server")["redis_version"].split('.')[:3]),
  File "C:\Users\G\scrafi_project\woob_project_venvd\lib\site-packages\redis\commands\core.py", line 1004, in info
    return self.execute_command("INFO", section, *args, **kwargs)
  File "C:\Users\G\scrafi_project\woob_project_venvd\lib\site-packages\redis\client.py", line 533, in execute_command
    conn = self.connection or pool.get_connection(command_name, **options)
  File "C:\Users\G\scrafi_project\woob_project_venvd\lib\site-packages\redis\connection.py", line 1086, in get_connection
    connection.connect()
  File "C:\Users\G\scrafi_project\woob_project_venvd\lib\site-packages\redis\connection.py", line 270, in connect
    raise ConnectionError(self._error_message(e))
redis.exceptions.ConnectionError: Error 10061 connecting to localhost:6789. Aucune connexion n’a pu être établie car l’ordinateur cible l’a expressément refusée.
Fri 29 Dec 23 - 16:36:57 GMT | ERROR --- 
   Internal Server Error: /bank/bankHistory/Create/cih 
Traceback (most recent call last):
  File "C:\Users\G\scrafi_project\woob_project_venvd\lib\site-packages\django\core\handlers\exception.py", line 55, in inner
    response = get_response(request)
  File "C:\Users\G\scrafi_project\woob_project_venvd\lib\site-packages\django\core\handlers\base.py", line 197, in _get_response
    response = wrapped_callback(request, *callback_args, **callback_kwargs)
  File "C:\Users\G\scrafi_project\woob_project_venvd\lib\site-packages\django\views\decorators\csrf.py", line 54, in wrapped_view
    return view_func(*args, **kwargs)
  File "C:\Users\G\scrafi_project\woob_project_venvd\lib\site-packages\django\views\generic\base.py", line 84, in view
    return self.dispatch(request, *args, **kwargs)
  File "C:\Users\G\scrafi_project\woob_project_venvd\lib\site-packages\rest_framework\views.py", line 509, in dispatch
    response = self.handle_exception(exc)
  File "C:\Users\G\scrafi_project\woob_project_venvd\lib\site-packages\rest_framework\views.py", line 469, in handle_exception
    self.raise_uncaught_exception(exc)
  File "C:\Users\G\scrafi_project\woob_project_venvd\lib\site-packages\rest_framework\views.py", line 480, in raise_uncaught_exception
    raise exc
  File "C:\Users\G\scrafi_project\woob_project_venvd\lib\site-packages\rest_framework\views.py", line 506, in dispatch
    response = handler(request, *args, **kwargs)
  File "C:\Users\G\scrafi_project\woob_project_venvd\lib\site-packages\django\views\decorators\csrf.py", line 54, in wrapped_view
    return view_func(*args, **kwargs)
  File "C:\Users\G\scrafi_project\API\scrafi_api\views.py", line 209, in post
    return process_history_request(request, bank, 'create')
  File "C:\Users\G\scrafi_project\API\scrafi_api\views.py", line 124, in process_history_request
    job_id = add_to_bank_q(flow, bank, username, password, acc_id, start_date)
  File "C:\Users\G\scrafi_project\API\scrafi_api\woobango.py", line 75, in add_to_bank_q
    job = woober_connect(woobank, username, password)
  File "C:\Users\G\scrafi_project\API\scrafi_api\woobango.py", line 55, in woober_connect
    return woober.connect(username, password)
  File "C:\Users\G\scrafi_project\API\scrafi_api\woober.py", line 250, in connect
    job_id = get_current_job().id
AttributeError: 'NoneType' object has no attribute 'id'
Fri 29 Dec 23 - 16:37:52 GMT | ERROR --- 
   Internal Server Error: /bank/bankHistory/Create/cih 
Traceback (most recent call last):
  File "C:\Users\G\scrafi_project\API\scrafi_api\woober.py", line 189, in call_woob
    woob_results = [w[bankash].get_account(self.acc_id)]
  File "C:\Users\G\scrafi_project\woob_project_venvd\lib\site-packages\woob\core\woob.py", line 214, in __getitem__
    return self.get_backend(name)
  File "C:\Users\G\scrafi_project\woob_project_venvd\lib\site-packages\woob\core\woob.py", line 227, in get_backend
    return self.backend_instances[name]
KeyError: '584ce20a35314b9903c742ffb0411b91'

During handling of the above exception, another exception occurred:

Traceback (most recent call last):
  File "C:\Users\G\scrafi_project\woob_project_venvd\lib\site-packages\django\core\handlers\exception.py", line 55, in inner
    response = get_response(request)
  File "C:\Users\G\scrafi_project\woob_project_venvd\lib\site-packages\django\core\handlers\base.py", line 197, in _get_response
    response = wrapped_callback(request, *callback_args, **callback_kwargs)
  File "C:\Users\G\scrafi_project\woob_project_venvd\lib\site-packages\django\views\decorators\csrf.py", line 54, in wrapped_view
    return view_func(*args, **kwargs)
  File "C:\Users\G\scrafi_project\woob_project_venvd\lib\site-packages\django\views\generic\base.py", line 84, in view
    return self.dispatch(request, *args, **kwargs)
  File "C:\Users\G\scrafi_project\woob_project_venvd\lib\site-packages\rest_framework\views.py", line 509, in dispatch
    response = self.handle_exception(exc)
  File "C:\Users\G\scrafi_project\woob_project_venvd\lib\site-packages\rest_framework\views.py", line 469, in handle_exception
    self.raise_uncaught_exception(exc)
  File "C:\Users\G\scrafi_project\woob_project_venvd\lib\site-packages\rest_framework\views.py", line 480, in raise_uncaught_exception
    raise exc
  File "C:\Users\G\scrafi_project\woob_project_venvd\lib\site-packages\rest_framework\views.py", line 506, in dispatch
    response = handler(request, *args, **kwargs)
  File "C:\Users\G\scrafi_project\woob_project_venvd\lib\site-packages\django\views\decorators\csrf.py", line 54, in wrapped_view
    return view_func(*args, **kwargs)
  File "C:\Users\G\scrafi_project\API\scrafi_api\views.py", line 209, in post
    return process_history_request(request, bank, 'create')
  File "C:\Users\G\scrafi_project\API\scrafi_api\views.py", line 124, in process_history_request
    job_id = add_to_bank_q(flow, bank, username, password, acc_id, start_date)
  File "C:\Users\G\scrafi_project\API\scrafi_api\woobango.py", line 75, in add_to_bank_q
    job = woober_connect(woobank, username, password)
  File "C:\Users\G\scrafi_project\API\scrafi_api\woobango.py", line 55, in woober_connect
    return woober.connect(username, password)
  File "C:\Users\G\scrafi_project\API\scrafi_api\woober.py", line 256, in connect
    data = self.call_woob(bankash)
  File "C:\Users\G\scrafi_project\API\scrafi_api\woober.py", line 237, in call_woob
    w[bankash].browser.driver.quit()
  File "C:\Users\G\scrafi_project\woob_project_venvd\lib\site-packages\woob\core\woob.py", line 214, in __getitem__
    return self.get_backend(name)
  File "C:\Users\G\scrafi_project\woob_project_venvd\lib\site-packages\woob\core\woob.py", line 227, in get_backend
    return self.backend_instances[name]
KeyError: '584ce20a35314b9903c742ffb0411b91'
Fri 29 Dec 23 - 16:41:18 GMT | ERROR --- 
   Internal Server Error: /bank/bankHistory/Create/cih 
Traceback (most recent call last):
  File "C:\Users\G\scrafi_project\woob_project_venvd\lib\site-packages\django\core\handlers\exception.py", line 55, in inner
    response = get_response(request)
  File "C:\Users\G\scrafi_project\woob_project_venvd\lib\site-packages\django\core\handlers\base.py", line 197, in _get_response
    response = wrapped_callback(request, *callback_args, **callback_kwargs)
  File "C:\Users\G\scrafi_project\woob_project_venvd\lib\site-packages\django\views\decorators\csrf.py", line 54, in wrapped_view
    return view_func(*args, **kwargs)
  File "C:\Users\G\scrafi_project\woob_project_venvd\lib\site-packages\django\views\generic\base.py", line 84, in view
    return self.dispatch(request, *args, **kwargs)
  File "C:\Users\G\scrafi_project\woob_project_venvd\lib\site-packages\rest_framework\views.py", line 509, in dispatch
    response = self.handle_exception(exc)
  File "C:\Users\G\scrafi_project\woob_project_venvd\lib\site-packages\rest_framework\views.py", line 469, in handle_exception
    self.raise_uncaught_exception(exc)
  File "C:\Users\G\scrafi_project\woob_project_venvd\lib\site-packages\rest_framework\views.py", line 480, in raise_uncaught_exception
    raise exc
  File "C:\Users\G\scrafi_project\woob_project_venvd\lib\site-packages\rest_framework\views.py", line 506, in dispatch
    response = handler(request, *args, **kwargs)
  File "C:\Users\G\scrafi_project\woob_project_venvd\lib\site-packages\django\views\decorators\csrf.py", line 54, in wrapped_view
    return view_func(*args, **kwargs)
  File "C:\Users\G\scrafi_project\API\scrafi_api\views.py", line 209, in post
    return process_history_request(request, bank, 'create')
  File "C:\Users\G\scrafi_project\API\scrafi_api\views.py", line 124, in process_history_request
    job_id = add_to_bank_q(flow, bank, username, password, acc_id, start_date)
  File "C:\Users\G\scrafi_project\API\scrafi_api\woobango.py", line 61, in add_to_bank_q
    job = q.create_job(
TypeError: create_job() got an unexpected keyword argument 'job_timeout'
Fri 29 Dec 23 - 16:42:02 GMT | ERROR --- 
   Internal Server Error: /bank/bankHistory/Create/cih 
Traceback (most recent call last):
  File "C:\Users\G\scrafi_project\API\scrafi_api\woober.py", line 189, in call_woob
    woob_results = [w[bankash].get_account(self.acc_id)]
  File "C:\Users\G\scrafi_project\woob_project_venvd\lib\site-packages\woob\core\woob.py", line 214, in __getitem__
    return self.get_backend(name)
  File "C:\Users\G\scrafi_project\woob_project_venvd\lib\site-packages\woob\core\woob.py", line 227, in get_backend
    return self.backend_instances[name]
KeyError: 'b53ba469f52c35f4442bd3eff2b6ef00'

During handling of the above exception, another exception occurred:

Traceback (most recent call last):
  File "C:\Users\G\scrafi_project\woob_project_venvd\lib\site-packages\django\core\handlers\exception.py", line 55, in inner
    response = get_response(request)
  File "C:\Users\G\scrafi_project\woob_project_venvd\lib\site-packages\django\core\handlers\base.py", line 197, in _get_response
    response = wrapped_callback(request, *callback_args, **callback_kwargs)
  File "C:\Users\G\scrafi_project\woob_project_venvd\lib\site-packages\django\views\decorators\csrf.py", line 54, in wrapped_view
    return view_func(*args, **kwargs)
  File "C:\Users\G\scrafi_project\woob_project_venvd\lib\site-packages\django\views\generic\base.py", line 84, in view
    return self.dispatch(request, *args, **kwargs)
  File "C:\Users\G\scrafi_project\woob_project_venvd\lib\site-packages\rest_framework\views.py", line 509, in dispatch
    response = self.handle_exception(exc)
  File "C:\Users\G\scrafi_project\woob_project_venvd\lib\site-packages\rest_framework\views.py", line 469, in handle_exception
    self.raise_uncaught_exception(exc)
  File "C:\Users\G\scrafi_project\woob_project_venvd\lib\site-packages\rest_framework\views.py", line 480, in raise_uncaught_exception
    raise exc
  File "C:\Users\G\scrafi_project\woob_project_venvd\lib\site-packages\rest_framework\views.py", line 506, in dispatch
    response = handler(request, *args, **kwargs)
  File "C:\Users\G\scrafi_project\woob_project_venvd\lib\site-packages\django\views\decorators\csrf.py", line 54, in wrapped_view
    return view_func(*args, **kwargs)
  File "C:\Users\G\scrafi_project\API\scrafi_api\views.py", line 209, in post
    return process_history_request(request, bank, 'create')
  File "C:\Users\G\scrafi_project\API\scrafi_api\views.py", line 124, in process_history_request
    job_id = add_to_bank_q(flow, bank, username, password, acc_id, start_date)
  File "C:\Users\G\scrafi_project\API\scrafi_api\woobango.py", line 69, in add_to_bank_q
    job.perform()
  File "C:\Users\G\scrafi_project\woob_project_venvd\lib\site-packages\rq\job.py", line 1278, in perform
    self._result = self._execute()
  File "C:\Users\G\scrafi_project\woob_project_venvd\lib\site-packages\rq\job.py", line 1315, in _execute
    result = self.func(*self.args, **self.kwargs)
  File "C:\Users\G\scrafi_project\API\scrafi_api\woobango.py", line 55, in woober_connect
    return woober.connect(username, password)
  File "C:\Users\G\scrafi_project\API\scrafi_api\woober.py", line 256, in connect
    data = self.call_woob(bankash)
  File "C:\Users\G\scrafi_project\API\scrafi_api\woober.py", line 237, in call_woob
    w[bankash].browser.driver.quit()
  File "C:\Users\G\scrafi_project\woob_project_venvd\lib\site-packages\woob\core\woob.py", line 214, in __getitem__
    return self.get_backend(name)
  File "C:\Users\G\scrafi_project\woob_project_venvd\lib\site-packages\woob\core\woob.py", line 227, in get_backend
    return self.backend_instances[name]
KeyError: 'b53ba469f52c35f4442bd3eff2b6ef00'
Fri 29 Dec 23 - 16:53:31 GMT | ERROR --- 
   Internal Server Error: /bank/bankHistory/Create/cih 
Traceback (most recent call last):
  File "C:\Users\G\scrafi_project\API\scrafi_api\woober.py", line 189, in call_woob
    woob_results = [w[bankash].get_account(self.acc_id)]
  File "C:\Users\G\scrafi_project\woob_project_venvd\lib\site-packages\woob\core\woob.py", line 214, in __getitem__
    return self.get_backend(name)
  File "C:\Users\G\scrafi_project\woob_project_venvd\lib\site-packages\woob\core\woob.py", line 227, in get_backend
    return self.backend_instances[name]
KeyError: '4eb4d811660850628c564f98747ca4f4'

During handling of the above exception, another exception occurred:

Traceback (most recent call last):
  File "C:\Users\G\scrafi_project\woob_project_venvd\lib\site-packages\django\core\handlers\exception.py", line 55, in inner
    response = get_response(request)
  File "C:\Users\G\scrafi_project\woob_project_venvd\lib\site-packages\django\core\handlers\base.py", line 197, in _get_response
    response = wrapped_callback(request, *callback_args, **callback_kwargs)
  File "C:\Users\G\scrafi_project\woob_project_venvd\lib\site-packages\django\views\decorators\csrf.py", line 54, in wrapped_view
    return view_func(*args, **kwargs)
  File "C:\Users\G\scrafi_project\woob_project_venvd\lib\site-packages\django\views\generic\base.py", line 84, in view
    return self.dispatch(request, *args, **kwargs)
  File "C:\Users\G\scrafi_project\woob_project_venvd\lib\site-packages\rest_framework\views.py", line 509, in dispatch
    response = self.handle_exception(exc)
  File "C:\Users\G\scrafi_project\woob_project_venvd\lib\site-packages\rest_framework\views.py", line 469, in handle_exception
    self.raise_uncaught_exception(exc)
  File "C:\Users\G\scrafi_project\woob_project_venvd\lib\site-packages\rest_framework\views.py", line 480, in raise_uncaught_exception
    raise exc
  File "C:\Users\G\scrafi_project\woob_project_venvd\lib\site-packages\rest_framework\views.py", line 506, in dispatch
    response = handler(request, *args, **kwargs)
  File "C:\Users\G\scrafi_project\woob_project_venvd\lib\site-packages\django\views\decorators\csrf.py", line 54, in wrapped_view
    return view_func(*args, **kwargs)
  File "C:\Users\G\scrafi_project\API\scrafi_api\views.py", line 209, in post
    return process_history_request(request, bank, 'create')
  File "C:\Users\G\scrafi_project\API\scrafi_api\views.py", line 124, in process_history_request
    job_id = add_to_bank_q(flow, bank, username, password, acc_id, start_date)
  File "C:\Users\G\scrafi_project\API\scrafi_api\woobango.py", line 70, in add_to_bank_q
    job.perform()
  File "C:\Users\G\scrafi_project\woob_project_venvd\lib\site-packages\rq\job.py", line 1278, in perform
    self._result = self._execute()
  File "C:\Users\G\scrafi_project\woob_project_venvd\lib\site-packages\rq\job.py", line 1315, in _execute
    result = self.func(*self.args, **self.kwargs)
  File "C:\Users\G\scrafi_project\API\scrafi_api\woobango.py", line 55, in woober_connect
    return woober.connect(username, password)
  File "C:\Users\G\scrafi_project\API\scrafi_api\woober.py", line 255, in connect
    data = self.call_woob(bankash)
  File "C:\Users\G\scrafi_project\API\scrafi_api\woober.py", line 237, in call_woob
    w[bankash].browser.driver.quit()
  File "C:\Users\G\scrafi_project\woob_project_venvd\lib\site-packages\woob\core\woob.py", line 214, in __getitem__
    return self.get_backend(name)
  File "C:\Users\G\scrafi_project\woob_project_venvd\lib\site-packages\woob\core\woob.py", line 227, in get_backend
    return self.backend_instances[name]
KeyError: '4eb4d811660850628c564f98747ca4f4'
Fri 29 Dec 23 - 17:12:50 GMT | ERROR --- 
   Internal Server Error: /bank/bankHistory/Create/cih 
Traceback (most recent call last):
  File "C:\Users\G\scrafi_project\API\scrafi_api\woober.py", line 189, in call_woob
    woob_results = [w[bankash].get_account(self.acc_id)]
  File "C:\Users\G\scrafi_project\woob_project_venvd\lib\site-packages\woob\core\woob.py", line 214, in __getitem__
    return self.get_backend(name)
  File "C:\Users\G\scrafi_project\woob_project_venvd\lib\site-packages\woob\core\woob.py", line 227, in get_backend
    return self.backend_instances[name]
KeyError: 'e5dac033812284a29689a2b0ab7c34f0'

During handling of the above exception, another exception occurred:

Traceback (most recent call last):
  File "C:\Users\G\scrafi_project\woob_project_venvd\lib\site-packages\django\core\handlers\exception.py", line 55, in inner
    response = get_response(request)
  File "C:\Users\G\scrafi_project\woob_project_venvd\lib\site-packages\django\core\handlers\base.py", line 197, in _get_response
    response = wrapped_callback(request, *callback_args, **callback_kwargs)
  File "C:\Users\G\scrafi_project\woob_project_venvd\lib\site-packages\django\views\decorators\csrf.py", line 54, in wrapped_view
    return view_func(*args, **kwargs)
  File "C:\Users\G\scrafi_project\woob_project_venvd\lib\site-packages\django\views\generic\base.py", line 84, in view
    return self.dispatch(request, *args, **kwargs)
  File "C:\Users\G\scrafi_project\woob_project_venvd\lib\site-packages\rest_framework\views.py", line 509, in dispatch
    response = self.handle_exception(exc)
  File "C:\Users\G\scrafi_project\woob_project_venvd\lib\site-packages\rest_framework\views.py", line 469, in handle_exception
    self.raise_uncaught_exception(exc)
  File "C:\Users\G\scrafi_project\woob_project_venvd\lib\site-packages\rest_framework\views.py", line 480, in raise_uncaught_exception
    raise exc
  File "C:\Users\G\scrafi_project\woob_project_venvd\lib\site-packages\rest_framework\views.py", line 506, in dispatch
    response = handler(request, *args, **kwargs)
  File "C:\Users\G\scrafi_project\woob_project_venvd\lib\site-packages\django\views\decorators\csrf.py", line 54, in wrapped_view
    return view_func(*args, **kwargs)
  File "C:\Users\G\scrafi_project\API\scrafi_api\views.py", line 209, in post
    return process_history_request(request, bank, 'create')
  File "C:\Users\G\scrafi_project\API\scrafi_api\views.py", line 124, in process_history_request
    job_id = add_to_bank_q(flow, bank, username, password, acc_id, start_date)
  File "C:\Users\G\scrafi_project\API\scrafi_api\woobango.py", line 69, in add_to_bank_q
    job.perform()
  File "C:\Users\G\scrafi_project\woob_project_venvd\lib\site-packages\rq\job.py", line 1278, in perform
    self._result = self._execute()
  File "C:\Users\G\scrafi_project\woob_project_venvd\lib\site-packages\rq\job.py", line 1315, in _execute
    result = self.func(*self.args, **self.kwargs)
  File "C:\Users\G\scrafi_project\API\scrafi_api\woobango.py", line 54, in woober_connect
    return woober.connect(username, password)
  File "C:\Users\G\scrafi_project\API\scrafi_api\woober.py", line 255, in connect
    data = self.call_woob(bankash)
  File "C:\Users\G\scrafi_project\API\scrafi_api\woober.py", line 237, in call_woob
    w[bankash].browser.driver.quit()
  File "C:\Users\G\scrafi_project\woob_project_venvd\lib\site-packages\woob\core\woob.py", line 214, in __getitem__
    return self.get_backend(name)
  File "C:\Users\G\scrafi_project\woob_project_venvd\lib\site-packages\woob\core\woob.py", line 227, in get_backend
    return self.backend_instances[name]
KeyError: 'e5dac033812284a29689a2b0ab7c34f0'
Fri 29 Dec 23 - 17:13:27 GMT | ERROR --- 
   Internal Server Error: /bank/bankHistory/Create/cih 
Traceback (most recent call last):
  File "C:\Users\G\scrafi_project\API\scrafi_api\woober.py", line 189, in call_woob
    woob_results = [w[bankash].get_account(self.acc_id)]
  File "C:\Users\G\scrafi_project\woob_project_venvd\lib\site-packages\woob\core\woob.py", line 214, in __getitem__
    return self.get_backend(name)
  File "C:\Users\G\scrafi_project\woob_project_venvd\lib\site-packages\woob\core\woob.py", line 227, in get_backend
    return self.backend_instances[name]
KeyError: 'bf6e72fc355f71778ed346a9b42f3382'

During handling of the above exception, another exception occurred:

Traceback (most recent call last):
  File "C:\Users\G\scrafi_project\woob_project_venvd\lib\site-packages\django\core\handlers\exception.py", line 55, in inner
    response = get_response(request)
  File "C:\Users\G\scrafi_project\woob_project_venvd\lib\site-packages\django\core\handlers\base.py", line 197, in _get_response
    response = wrapped_callback(request, *callback_args, **callback_kwargs)
  File "C:\Users\G\scrafi_project\woob_project_venvd\lib\site-packages\django\views\decorators\csrf.py", line 54, in wrapped_view
    return view_func(*args, **kwargs)
  File "C:\Users\G\scrafi_project\woob_project_venvd\lib\site-packages\django\views\generic\base.py", line 84, in view
    return self.dispatch(request, *args, **kwargs)
  File "C:\Users\G\scrafi_project\woob_project_venvd\lib\site-packages\rest_framework\views.py", line 509, in dispatch
    response = self.handle_exception(exc)
  File "C:\Users\G\scrafi_project\woob_project_venvd\lib\site-packages\rest_framework\views.py", line 469, in handle_exception
    self.raise_uncaught_exception(exc)
  File "C:\Users\G\scrafi_project\woob_project_venvd\lib\site-packages\rest_framework\views.py", line 480, in raise_uncaught_exception
    raise exc
  File "C:\Users\G\scrafi_project\woob_project_venvd\lib\site-packages\rest_framework\views.py", line 506, in dispatch
    response = handler(request, *args, **kwargs)
  File "C:\Users\G\scrafi_project\woob_project_venvd\lib\site-packages\django\views\decorators\csrf.py", line 54, in wrapped_view
    return view_func(*args, **kwargs)
  File "C:\Users\G\scrafi_project\API\scrafi_api\views.py", line 209, in post
    return process_history_request(request, bank, 'create')
  File "C:\Users\G\scrafi_project\API\scrafi_api\views.py", line 124, in process_history_request
    job_id = add_to_bank_q(flow, bank, username, password, acc_id, start_date)
  File "C:\Users\G\scrafi_project\API\scrafi_api\woobango.py", line 69, in add_to_bank_q
    job.perform()
  File "C:\Users\G\scrafi_project\woob_project_venvd\lib\site-packages\rq\job.py", line 1278, in perform
    self._result = self._execute()
  File "C:\Users\G\scrafi_project\woob_project_venvd\lib\site-packages\rq\job.py", line 1315, in _execute
    result = self.func(*self.args, **self.kwargs)
  File "C:\Users\G\scrafi_project\API\scrafi_api\woobango.py", line 54, in woober_connect
    return woober.connect(username, password)
  File "C:\Users\G\scrafi_project\API\scrafi_api\woober.py", line 255, in connect
    data = self.call_woob(bankash)
  File "C:\Users\G\scrafi_project\API\scrafi_api\woober.py", line 242, in call_woob
    error_msg = w[bankash].browser.error_msg
  File "C:\Users\G\scrafi_project\woob_project_venvd\lib\site-packages\woob\core\woob.py", line 214, in __getitem__
    return self.get_backend(name)
  File "C:\Users\G\scrafi_project\woob_project_venvd\lib\site-packages\woob\core\woob.py", line 227, in get_backend
    return self.backend_instances[name]
KeyError: 'bf6e72fc355f71778ed346a9b42f3382'
Fri 29 Dec 23 - 17:20:21 GMT | ERROR --- 
   Internal Server Error: /bank/bankHistory/Create/cih 
Traceback (most recent call last):
  File "C:\Users\G\scrafi_project\API\scrafi_api\woober.py", line 189, in call_woob
    woob_results = [w[bankash].get_account(self.acc_id)]
  File "C:\Users\G\scrafi_project\woob_project_venvd\lib\site-packages\woob\core\woob.py", line 214, in __getitem__
    return self.get_backend(name)
  File "C:\Users\G\scrafi_project\woob_project_venvd\lib\site-packages\woob\core\woob.py", line 227, in get_backend
    return self.backend_instances[name]
KeyError: '0eb902792fa9f1a433dc20c599829857'

During handling of the above exception, another exception occurred:

Traceback (most recent call last):
  File "C:\Users\G\scrafi_project\woob_project_venvd\lib\site-packages\django\core\handlers\exception.py", line 55, in inner
    response = get_response(request)
  File "C:\Users\G\scrafi_project\woob_project_venvd\lib\site-packages\django\core\handlers\base.py", line 197, in _get_response
    response = wrapped_callback(request, *callback_args, **callback_kwargs)
  File "C:\Users\G\scrafi_project\woob_project_venvd\lib\site-packages\django\views\decorators\csrf.py", line 54, in wrapped_view
    return view_func(*args, **kwargs)
  File "C:\Users\G\scrafi_project\woob_project_venvd\lib\site-packages\django\views\generic\base.py", line 84, in view
    return self.dispatch(request, *args, **kwargs)
  File "C:\Users\G\scrafi_project\woob_project_venvd\lib\site-packages\rest_framework\views.py", line 509, in dispatch
    response = self.handle_exception(exc)
  File "C:\Users\G\scrafi_project\woob_project_venvd\lib\site-packages\rest_framework\views.py", line 469, in handle_exception
    self.raise_uncaught_exception(exc)
  File "C:\Users\G\scrafi_project\woob_project_venvd\lib\site-packages\rest_framework\views.py", line 480, in raise_uncaught_exception
    raise exc
  File "C:\Users\G\scrafi_project\woob_project_venvd\lib\site-packages\rest_framework\views.py", line 506, in dispatch
    response = handler(request, *args, **kwargs)
  File "C:\Users\G\scrafi_project\woob_project_venvd\lib\site-packages\django\views\decorators\csrf.py", line 54, in wrapped_view
    return view_func(*args, **kwargs)
  File "C:\Users\G\scrafi_project\API\scrafi_api\views.py", line 209, in post
    return process_history_request(request, bank, 'create')
  File "C:\Users\G\scrafi_project\API\scrafi_api\views.py", line 124, in process_history_request
    job_id = add_to_bank_q(flow, bank, username, password, acc_id, start_date)
  File "C:\Users\G\scrafi_project\API\scrafi_api\woobango.py", line 69, in add_to_bank_q
    job.perform()
  File "C:\Users\G\scrafi_project\woob_project_venvd\lib\site-packages\rq\job.py", line 1278, in perform
    self._result = self._execute()
  File "C:\Users\G\scrafi_project\woob_project_venvd\lib\site-packages\rq\job.py", line 1315, in _execute
    result = self.func(*self.args, **self.kwargs)
  File "C:\Users\G\scrafi_project\API\scrafi_api\woobango.py", line 54, in woober_connect
    return woober.connect(username, password)
  File "C:\Users\G\scrafi_project\API\scrafi_api\woober.py", line 256, in connect
    data = self.call_woob(bankash)
  File "C:\Users\G\scrafi_project\API\scrafi_api\woober.py", line 243, in call_woob
    error_msg = w[bankash].browser.error_msg
  File "C:\Users\G\scrafi_project\woob_project_venvd\lib\site-packages\woob\core\woob.py", line 214, in __getitem__
    return self.get_backend(name)
  File "C:\Users\G\scrafi_project\woob_project_venvd\lib\site-packages\woob\core\woob.py", line 227, in get_backend
    return self.backend_instances[name]
KeyError: '0eb902792fa9f1a433dc20c599829857'
